{"meta": {"format": 3, "version": "7.13.0", "timestamp": "2025-12-23T13:20:43.738554", "branch_coverage": false, "show_contexts": false}, "files": {"src\\core\\__init__.py": {"executed_lines": [1, 3, 11, 12, 13, 14, 16], "summary": {"covered_lines": 6, "num_statements": 6, "percent_covered": 100.0, "percent_covered_display": "100", "missing_lines": 0, "excluded_lines": 0, "percent_statements_covered": 100.0, "percent_statements_covered_display": "100"}, "missing_lines": [], "excluded_lines": [], "functions": {"": {"executed_lines": [1, 3, 11, 12, 13, 14, 16], "summary": {"covered_lines": 6, "num_statements": 6, "percent_covered": 100.0, "percent_covered_display": "100", "missing_lines": 0, "excluded_lines": 0, "percent_statements_covered": 100.0, "percent_statements_covered_display": "100"}, "missing_lines": [], "excluded_lines": []}}, "classes": {"": {"executed_lines": [1, 3, 11, 12, 13, 14, 16], "summary": {"covered_lines": 6, "num_statements": 6, "percent_covered": 100.0, "percent_covered_display": "100", "missing_lines": 0, "excluded_lines": 0, "percent_statements_covered": 100.0, "percent_statements_covered_display": "100"}, "missing_lines": [], "excluded_lines": []}}}, "src\\core\\document.py": {"executed_lines": [1, 3, 4, 5, 6, 7, 8, 9, 10, 11, 13, 15, 17, 20, 21, 22, 23, 24, 25, 26, 27, 28, 29, 30, 33, 34, 35, 36, 37, 38, 41, 42, 43, 49, 52, 53, 54, 59, 60, 61, 64, 65, 66, 72, 75, 76, 77, 80, 81, 84, 85, 86, 89, 90, 93, 94, 95, 96, 99, 101, 102, 104, 107, 109, 110, 112, 115, 138, 140, 148, 151, 152, 156, 158, 160, 162, 163, 164, 165, 166, 168, 169, 170, 172, 174, 176, 179, 182, 183, 184, 185, 186, 188, 190, 191, 192, 195, 196, 198, 200, 201, 202, 203, 205, 214, 215, 218, 219, 221, 223, 224, 225, 227, 228, 231, 232, 233, 234, 235, 236, 237, 239, 240, 244, 252, 253, 254, 256, 258, 260, 261, 262, 263, 265, 268, 269, 286, 287, 288, 291, 293, 295, 296, 297, 300, 302, 303, 304, 305, 306, 307, 308, 309, 311, 314, 315, 316, 319, 322, 323, 324, 327, 328, 329, 330, 331, 332, 333, 334, 337, 338, 339, 341, 355, 360, 367, 390, 391, 416, 417, 459, 493, 494, 535, 536], "summary": {"covered_lines": 176, "num_statements": 264, "percent_covered": 66.66666666666667, "percent_covered_display": "67", "missing_lines": 88, "excluded_lines": 0, "percent_statements_covered": 66.66666666666667, "percent_statements_covered_display": "67"}, "missing_lines": [105, 113, 117, 118, 119, 127, 128, 129, 154, 167, 171, 173, 175, 177, 241, 242, 274, 275, 279, 280, 298, 345, 351, 352, 353, 357, 358, 362, 369, 393, 405, 419, 421, 422, 423, 426, 440, 446, 451, 452, 454, 456, 457, 461, 463, 464, 465, 467, 469, 485, 486, 488, 490, 491, 496, 498, 499, 501, 502, 503, 505, 513, 514, 515, 516, 526, 528, 529, 531, 532, 533, 538, 540, 541, 543, 544, 545, 547, 555, 556, 557, 558, 568, 570, 571, 573, 574, 575], "excluded_lines": [], "functions": {"SpeckitDocument.load": {"executed_lines": [104, 107, 109, 110, 112, 115, 138, 140, 148, 151, 152, 156], "summary": {"covered_lines": 12, "num_statements": 21, "percent_covered": 57.142857142857146, "percent_covered_display": "57", "missing_lines": 9, "excluded_lines": 0, "percent_statements_covered": 57.142857142857146, "percent_statements_covered_display": "57"}, "missing_lines": [105, 113, 117, 118, 119, 127, 128, 129, 154], "excluded_lines": []}, "SpeckitDocument._detect_document_type": {"executed_lines": [160, 162, 163, 164, 165, 166, 168, 169, 170, 172, 174, 176, 179, 182, 183, 184, 185, 186], "summary": {"covered_lines": 18, "num_statements": 23, "percent_covered": 78.26086956521739, "percent_covered_display": "78", "missing_lines": 5, "excluded_lines": 0, "percent_statements_covered": 78.26086956521739, "percent_statements_covered_display": "78"}, "missing_lines": [167, 171, 173, 175, 177], "excluded_lines": []}, "SpeckitDocument.parse": {"executed_lines": [190, 191, 192, 195, 196, 198, 200, 201, 202, 203, 205, 214, 215, 218, 219, 221, 223, 224, 225, 227, 228, 231, 232, 233, 234, 235, 236, 237, 239, 240, 244, 252, 253, 254, 256], "summary": {"covered_lines": 35, "num_statements": 37, "percent_covered": 94.5945945945946, "percent_covered_display": "95", "missing_lines": 2, "excluded_lines": 0, "percent_statements_covered": 94.5945945945946, "percent_statements_covered_display": "95"}, "missing_lines": [241, 242], "excluded_lines": []}, "SpeckitDocument.save": {"executed_lines": [260, 261, 262, 263], "summary": {"covered_lines": 4, "num_statements": 4, "percent_covered": 100.0, "percent_covered_display": "100", "missing_lines": 0, "excluded_lines": 0, "percent_statements_covered": 100.0, "percent_statements_covered_display": "100"}, "missing_lines": [], "excluded_lines": []}, "SpeckitDocument.apply_change": {"executed_lines": [268, 269, 286, 287, 288, 291], "summary": {"covered_lines": 6, "num_statements": 10, "percent_covered": 60.0, "percent_covered_display": "60", "missing_lines": 4, "excluded_lines": 0, "percent_statements_covered": 60.0, "percent_statements_covered_display": "60"}, "missing_lines": [274, 275, 279, 280], "excluded_lines": []}, "SpeckitDocument.get_requirement": {"executed_lines": [295, 296, 297], "summary": {"covered_lines": 3, "num_statements": 4, "percent_covered": 75.0, "percent_covered_display": "75", "missing_lines": 1, "excluded_lines": 0, "percent_statements_covered": 75.0, "percent_statements_covered_display": "75"}, "missing_lines": [298], "excluded_lines": []}, "SpeckitDocument.get_section": {"executed_lines": [302, 311], "summary": {"covered_lines": 2, "num_statements": 2, "percent_covered": 100.0, "percent_covered_display": "100", "missing_lines": 0, "excluded_lines": 0, "percent_statements_covered": 100.0, "percent_statements_covered_display": "100"}, "missing_lines": [], "excluded_lines": []}, "SpeckitDocument.get_section.search_sections": {"executed_lines": [303, 304, 305, 306, 307, 308, 309], "summary": {"covered_lines": 7, "num_statements": 7, "percent_covered": 100.0, "percent_covered_display": "100", "missing_lines": 0, "excluded_lines": 0, "percent_statements_covered": 100.0, "percent_statements_covered_display": "100"}, "missing_lines": [], "excluded_lines": []}, "AISession.add_message": {"executed_lines": [], "summary": {"covered_lines": 0, "num_statements": 4, "percent_covered": 0.0, "percent_covered_display": "0", "missing_lines": 4, "excluded_lines": 0, "percent_statements_covered": 0.0, "percent_statements_covered_display": "0"}, "missing_lines": [345, 351, 352, 353], "excluded_lines": []}, "AISession.accept_suggestion": {"executed_lines": [], "summary": {"covered_lines": 0, "num_statements": 2, "percent_covered": 0.0, "percent_covered_display": "0", "missing_lines": 2, "excluded_lines": 0, "percent_statements_covered": 0.0, "percent_statements_covered_display": "0"}, "missing_lines": [357, 358], "excluded_lines": []}, "AISession.get_conversation_history": {"executed_lines": [], "summary": {"covered_lines": 0, "num_statements": 1, "percent_covered": 0.0, "percent_covered_display": "0", "missing_lines": 1, "excluded_lines": 0, "percent_statements_covered": 0.0, "percent_statements_covered_display": "0"}, "missing_lines": [362], "excluded_lines": []}, "AISession.to_dict": {"executed_lines": [], "summary": {"covered_lines": 0, "num_statements": 1, "percent_covered": 0.0, "percent_covered_display": "0", "missing_lines": 1, "excluded_lines": 0, "percent_statements_covered": 0.0, "percent_statements_covered_display": "0"}, "missing_lines": [369], "excluded_lines": []}, "AISession.from_dict": {"executed_lines": [], "summary": {"covered_lines": 0, "num_statements": 2, "percent_covered": 0.0, "percent_covered_display": "0", "missing_lines": 2, "excluded_lines": 0, "percent_statements_covered": 0.0, "percent_statements_covered_display": "0"}, "missing_lines": [393, 405], "excluded_lines": []}, "AISession.init_database": {"executed_lines": [], "summary": {"covered_lines": 0, "num_statements": 12, "percent_covered": 0.0, "percent_covered_display": "0", "missing_lines": 12, "excluded_lines": 0, "percent_statements_covered": 0.0, "percent_statements_covered_display": "0"}, "missing_lines": [419, 421, 422, 423, 426, 440, 446, 451, 452, 454, 456, 457], "excluded_lines": []}, "AISession.save_to_database": {"executed_lines": [], "summary": {"covered_lines": 0, "num_statements": 11, "percent_covered": 0.0, "percent_covered_display": "0", "missing_lines": 11, "excluded_lines": 0, "percent_statements_covered": 0.0, "percent_statements_covered_display": "0"}, "missing_lines": [461, 463, 464, 465, 467, 469, 485, 486, 488, 490, 491], "excluded_lines": []}, "AISession.load_sessions_for_document": {"executed_lines": [], "summary": {"covered_lines": 0, "num_statements": 17, "percent_covered": 0.0, "percent_covered_display": "0", "missing_lines": 17, "excluded_lines": 0, "percent_statements_covered": 0.0, "percent_statements_covered_display": "0"}, "missing_lines": [496, 498, 499, 501, 502, 503, 505, 513, 514, 515, 516, 526, 528, 529, 531, 532, 533], "excluded_lines": []}, "AISession.load_recent_sessions": {"executed_lines": [], "summary": {"covered_lines": 0, "num_statements": 17, "percent_covered": 0.0, "percent_covered_display": "0", "missing_lines": 17, "excluded_lines": 0, "percent_statements_covered": 0.0, "percent_statements_covered_display": "0"}, "missing_lines": [538, 540, 541, 543, 544, 545, 547, 555, 556, 557, 558, 568, 570, 571, 573, 574, 575], "excluded_lines": []}, "": {"executed_lines": [1, 3, 4, 5, 6, 7, 8, 9, 10, 11, 13, 15, 17, 20, 21, 22, 23, 24, 25, 26, 27, 28, 29, 30, 33, 34, 35, 36, 37, 38, 41, 42, 43, 49, 52, 53, 54, 59, 60, 61, 64, 65, 66, 72, 75, 76, 77, 80, 81, 84, 85, 86, 89, 90, 93, 94, 95, 96, 99, 101, 102, 158, 188, 258, 265, 293, 300, 314, 315, 316, 319, 322, 323, 324, 327, 328, 329, 330, 331, 332, 333, 334, 337, 338, 339, 341, 355, 360, 367, 390, 391, 416, 417, 459, 493, 494, 535, 536], "summary": {"covered_lines": 89, "num_statements": 89, "percent_covered": 100.0, "percent_covered_display": "100", "missing_lines": 0, "excluded_lines": 0, "percent_statements_covered": 100.0, "percent_statements_covered_display": "100"}, "missing_lines": [], "excluded_lines": []}}, "classes": {"DocumentType": {"executed_lines": [], "summary": {"covered_lines": 0, "num_statements": 0, "percent_covered": 100.0, "percent_covered_display": "100", "missing_lines": 0, "excluded_lines": 0, "percent_statements_covered": 100.0, "percent_statements_covered_display": "100"}, "missing_lines": [], "excluded_lines": []}, "RequirementType": {"executed_lines": [], "summary": {"covered_lines": 0, "num_statements": 0, "percent_covered": 100.0, "percent_covered_display": "100", "missing_lines": 0, "excluded_lines": 0, "percent_statements_covered": 100.0, "percent_statements_covered_display": "100"}, "missing_lines": [], "excluded_lines": []}, "Section": {"executed_lines": [], "summary": {"covered_lines": 0, "num_statements": 0, "percent_covered": 100.0, "percent_covered_display": "100", "missing_lines": 0, "excluded_lines": 0, "percent_statements_covered": 100.0, "percent_statements_covered_display": "100"}, "missing_lines": [], "excluded_lines": []}, "Requirement": {"executed_lines": [], "summary": {"covered_lines": 0, "num_statements": 0, "percent_covered": 100.0, "percent_covered_display": "100", "missing_lines": 0, "excluded_lines": 0, "percent_statements_covered": 100.0, "percent_statements_covered_display": "100"}, "missing_lines": [], "excluded_lines": []}, "DocumentChange": {"executed_lines": [], "summary": {"covered_lines": 0, "num_statements": 0, "percent_covered": 100.0, "percent_covered_display": "100", "missing_lines": 0, "excluded_lines": 0, "percent_statements_covered": 100.0, "percent_statements_covered_display": "100"}, "missing_lines": [], "excluded_lines": []}, "SpeckitDocument": {"executed_lines": [104, 107, 109, 110, 112, 115, 138, 140, 148, 151, 152, 156, 160, 162, 163, 164, 165, 166, 168, 169, 170, 172, 174, 176, 179, 182, 183, 184, 185, 186, 190, 191, 192, 195, 196, 198, 200, 201, 202, 203, 205, 214, 215, 218, 219, 221, 223, 224, 225, 227, 228, 231, 232, 233, 234, 235, 236, 237, 239, 240, 244, 252, 253, 254, 256, 260, 261, 262, 263, 268, 269, 286, 287, 288, 291, 295, 296, 297, 302, 303, 304, 305, 306, 307, 308, 309, 311], "summary": {"covered_lines": 87, "num_statements": 108, "percent_covered": 80.55555555555556, "percent_covered_display": "81", "missing_lines": 21, "excluded_lines": 0, "percent_statements_covered": 80.55555555555556, "percent_statements_covered_display": "81"}, "missing_lines": [105, 113, 117, 118, 119, 127, 128, 129, 154, 167, 171, 173, 175, 177, 241, 242, 274, 275, 279, 280, 298], "excluded_lines": []}, "AIMessage": {"executed_lines": [], "summary": {"covered_lines": 0, "num_statements": 0, "percent_covered": 100.0, "percent_covered_display": "100", "missing_lines": 0, "excluded_lines": 0, "percent_statements_covered": 100.0, "percent_statements_covered_display": "100"}, "missing_lines": [], "excluded_lines": []}, "AISession": {"executed_lines": [], "summary": {"covered_lines": 0, "num_statements": 67, "percent_covered": 0.0, "percent_covered_display": "0", "missing_lines": 67, "excluded_lines": 0, "percent_statements_covered": 0.0, "percent_statements_covered_display": "0"}, "missing_lines": [345, 351, 352, 353, 357, 358, 362, 369, 393, 405, 419, 421, 422, 423, 426, 440, 446, 451, 452, 454, 456, 457, 461, 463, 464, 465, 467, 469, 485, 486, 488, 490, 491, 496, 498, 499, 501, 502, 503, 505, 513, 514, 515, 516, 526, 528, 529, 531, 532, 533, 538, 540, 541, 543, 544, 545, 547, 555, 556, 557, 558, 568, 570, 571, 573, 574, 575], "excluded_lines": []}, "": {"executed_lines": [1, 3, 4, 5, 6, 7, 8, 9, 10, 11, 13, 15, 17, 20, 21, 22, 23, 24, 25, 26, 27, 28, 29, 30, 33, 34, 35, 36, 37, 38, 41, 42, 43, 49, 52, 53, 54, 59, 60, 61, 64, 65, 66, 72, 75, 76, 77, 80, 81, 84, 85, 86, 89, 90, 93, 94, 95, 96, 99, 101, 102, 158, 188, 258, 265, 293, 300, 314, 315, 316, 319, 322, 323, 324, 327, 328, 329, 330, 331, 332, 333, 334, 337, 338, 339, 341, 355, 360, 367, 390, 391, 416, 417, 459, 493, 494, 535, 536], "summary": {"covered_lines": 89, "num_statements": 89, "percent_covered": 100.0, "percent_covered_display": "100", "missing_lines": 0, "excluded_lines": 0, "percent_statements_covered": 100.0, "percent_statements_covered_display": "100"}, "missing_lines": [], "excluded_lines": []}}}, "src\\core\\project.py": {"executed_lines": [1, 3, 4, 5, 6, 7, 8, 10, 12, 13, 14, 15, 17, 20, 21, 22, 23, 24, 25, 26, 27, 28, 31, 32, 33, 42, 43, 44, 47, 50, 51, 52, 54, 55, 56, 58, 59, 62, 63, 66, 67, 71, 72, 74, 75, 76, 79, 82, 83, 86, 87, 90, 91, 92, 95, 98, 99, 102, 103, 104, 106, 108, 113, 114, 115, 116, 118, 119, 121, 123, 124, 125, 126, 127, 128, 130, 132, 133, 135, 137, 138, 141, 143, 144, 149, 153, 155, 156, 158, 162, 163, 164, 167, 168, 169, 170, 171, 174, 175, 176, 177, 179, 238, 253, 269, 314, 349, 360, 382, 409, 455, 551, 553, 556, 558, 559, 561, 562, 564, 566, 567, 569, 571, 573, 575, 576, 579, 580, 581, 583, 585, 588, 591, 594, 598, 599, 603, 608, 611, 615, 617, 619, 621, 623, 624, 626, 627, 629, 631, 633, 635, 640, 642, 644, 646, 647, 649, 650, 653, 654, 655, 656, 657, 661, 665, 667, 668, 669, 670, 671, 672, 674, 676, 677, 678, 679, 680, 681, 682, 684, 686, 688, 691, 694, 695, 719, 720, 722, 723, 724, 727, 730, 731, 732, 735, 736, 737, 739, 742, 744, 745, 746, 747, 748, 750, 752, 755], "summary": {"covered_lines": 200, "num_statements": 444, "percent_covered": 45.04504504504504, "percent_covered_display": "45", "missing_lines": 244, "excluded_lines": 0, "percent_statements_covered": 45.04504504504504, "percent_statements_covered_display": "45"}, "missing_lines": [60, 64, 68, 150, 151, 181, 182, 184, 185, 186, 188, 190, 191, 192, 193, 194, 195, 196, 197, 198, 199, 201, 204, 209, 216, 217, 218, 219, 220, 221, 222, 225, 226, 228, 234, 235, 236, 240, 241, 242, 244, 245, 246, 247, 248, 249, 250, 251, 255, 256, 257, 259, 261, 262, 263, 264, 265, 266, 267, 272, 273, 274, 276, 278, 279, 280, 281, 282, 283, 284, 285, 288, 291, 294, 295, 296, 299, 308, 309, 310, 311, 312, 316, 317, 319, 321, 323, 324, 325, 326, 327, 328, 329, 330, 331, 333, 334, 337, 340, 341, 342, 344, 345, 346, 347, 351, 352, 354, 355, 356, 357, 358, 362, 363, 364, 366, 367, 368, 369, 370, 373, 374, 375, 376, 377, 378, 379, 380, 384, 385, 386, 388, 390, 391, 392, 394, 397, 398, 401, 402, 404, 405, 406, 407, 415, 416, 418, 420, 421, 423, 424, 427, 428, 429, 430, 433, 434, 435, 436, 437, 438, 441, 442, 443, 444, 445, 446, 447, 448, 449, 451, 452, 453, 461, 462, 464, 466, 467, 469, 470, 473, 474, 475, 476, 479, 480, 481, 482, 483, 484, 485, 488, 489, 490, 491, 492, 493, 494, 497, 498, 500, 501, 504, 505, 506, 509, 511, 512, 513, 515, 516, 517, 518, 519, 521, 524, 525, 526, 529, 530, 531, 533, 542, 543, 545, 547, 548, 549, 589, 595, 600, 636, 637, 638, 658, 659, 662, 663, 697, 698, 699, 707, 708, 709], "excluded_lines": [], "functions": {"GitStatus.has_changes": {"executed_lines": [], "summary": {"covered_lines": 0, "num_statements": 1, "percent_covered": 0.0, "percent_covered_display": "0", "missing_lines": 1, "excluded_lines": 0, "percent_statements_covered": 0.0, "percent_statements_covered_display": "0"}, "missing_lines": [60], "excluded_lines": []}, "GitStatus.staged_files": {"executed_lines": [], "summary": {"covered_lines": 0, "num_statements": 1, "percent_covered": 0.0, "percent_covered_display": "0", "missing_lines": 1, "excluded_lines": 0, "percent_statements_covered": 0.0, "percent_statements_covered_display": "0"}, "missing_lines": [64], "excluded_lines": []}, "GitStatus.unstaged_files": {"executed_lines": [], "summary": {"covered_lines": 0, "num_statements": 1, "percent_covered": 0.0, "percent_covered_display": "0", "missing_lines": 1, "excluded_lines": 0, "percent_statements_covered": 0.0, "percent_statements_covered_display": "0"}, "missing_lines": [68], "excluded_lines": []}, "SpeckitProject.__init__": {"executed_lines": [75, 76, 79, 82, 83, 86, 87, 90, 91, 92, 95, 98, 99, 102, 103, 104], "summary": {"covered_lines": 16, "num_statements": 16, "percent_covered": 100.0, "percent_covered_display": "100", "missing_lines": 0, "excluded_lines": 0, "percent_statements_covered": 100.0, "percent_statements_covered_display": "100"}, "missing_lines": [], "excluded_lines": []}, "SpeckitProject._find_constitution": {"executed_lines": [108, 113, 114, 115, 116, 118, 119], "summary": {"covered_lines": 7, "num_statements": 7, "percent_covered": 100.0, "percent_covered_display": "100", "missing_lines": 0, "excluded_lines": 0, "percent_statements_covered": 100.0, "percent_statements_covered_display": "100"}, "missing_lines": [], "excluded_lines": []}, "SpeckitProject._init_git_repo": {"executed_lines": [123, 124, 125, 126, 127, 128], "summary": {"covered_lines": 6, "num_statements": 6, "percent_covered": 100.0, "percent_covered_display": "100", "missing_lines": 0, "excluded_lines": 0, "percent_statements_covered": 100.0, "percent_statements_covered_display": "100"}, "missing_lines": [], "excluded_lines": []}, "SpeckitProject._scan_branches": {"executed_lines": [132, 133, 135, 137, 138, 141, 143, 144, 149], "summary": {"covered_lines": 9, "num_statements": 11, "percent_covered": 81.81818181818181, "percent_covered_display": "82", "missing_lines": 2, "excluded_lines": 0, "percent_statements_covered": 81.81818181818181, "percent_statements_covered_display": "82"}, "missing_lines": [150, 151], "excluded_lines": []}, "SpeckitProject._update_timestamps": {"executed_lines": [155, 156, 158, 162, 163, 164, 167, 168, 169, 170, 171, 174, 175, 176, 177], "summary": {"covered_lines": 15, "num_statements": 15, "percent_covered": 100.0, "percent_covered_display": "100", "missing_lines": 0, "excluded_lines": 0, "percent_statements_covered": 100.0, "percent_statements_covered_display": "100"}, "missing_lines": [], "excluded_lines": []}, "SpeckitProject.get_git_status": {"executed_lines": [], "summary": {"covered_lines": 0, "num_statements": 32, "percent_covered": 0.0, "percent_covered_display": "0", "missing_lines": 32, "excluded_lines": 0, "percent_statements_covered": 0.0, "percent_statements_covered_display": "0"}, "missing_lines": [181, 182, 184, 185, 186, 188, 190, 191, 192, 193, 194, 195, 196, 197, 198, 199, 201, 204, 209, 216, 217, 218, 219, 220, 221, 222, 225, 226, 228, 234, 235, 236], "excluded_lines": []}, "SpeckitProject.stage_file": {"executed_lines": [], "summary": {"covered_lines": 0, "num_statements": 11, "percent_covered": 0.0, "percent_covered_display": "0", "missing_lines": 11, "excluded_lines": 0, "percent_statements_covered": 0.0, "percent_statements_covered_display": "0"}, "missing_lines": [240, 241, 242, 244, 245, 246, 247, 248, 249, 250, 251], "excluded_lines": []}, "SpeckitProject.unstage_file": {"executed_lines": [], "summary": {"covered_lines": 0, "num_statements": 11, "percent_covered": 0.0, "percent_covered_display": "0", "missing_lines": 11, "excluded_lines": 0, "percent_statements_covered": 0.0, "percent_statements_covered_display": "0"}, "missing_lines": [255, 256, 257, 259, 261, 262, 263, 264, 265, 266, 267], "excluded_lines": []}, "SpeckitProject.commit": {"executed_lines": [], "summary": {"covered_lines": 0, "num_statements": 23, "percent_covered": 0.0, "percent_covered_display": "0", "missing_lines": 23, "excluded_lines": 0, "percent_statements_covered": 0.0, "percent_statements_covered_display": "0"}, "missing_lines": [272, 273, 274, 276, 278, 279, 280, 281, 282, 283, 284, 285, 288, 291, 294, 295, 296, 299, 308, 309, 310, 311, 312], "excluded_lines": []}, "SpeckitProject.get_file_diff": {"executed_lines": [], "summary": {"covered_lines": 0, "num_statements": 23, "percent_covered": 0.0, "percent_covered_display": "0", "missing_lines": 23, "excluded_lines": 0, "percent_statements_covered": 0.0, "percent_statements_covered_display": "0"}, "missing_lines": [316, 317, 319, 321, 323, 324, 325, 326, 327, 328, 329, 330, 331, 333, 334, 337, 340, 341, 342, 344, 345, 346, 347], "excluded_lines": []}, "SpeckitProject.get_branches": {"executed_lines": [], "summary": {"covered_lines": 0, "num_statements": 7, "percent_covered": 0.0, "percent_covered_display": "0", "missing_lines": 7, "excluded_lines": 0, "percent_statements_covered": 0.0, "percent_statements_covered_display": "0"}, "missing_lines": [351, 352, 354, 355, 356, 357, 358], "excluded_lines": []}, "SpeckitProject.checkout_branch": {"executed_lines": [], "summary": {"covered_lines": 0, "num_statements": 16, "percent_covered": 0.0, "percent_covered_display": "0", "missing_lines": 16, "excluded_lines": 0, "percent_statements_covered": 0.0, "percent_statements_covered_display": "0"}, "missing_lines": [362, 363, 364, 366, 367, 368, 369, 370, 373, 374, 375, 376, 377, 378, 379, 380], "excluded_lines": []}, "SpeckitProject.create_branch": {"executed_lines": [], "summary": {"covered_lines": 0, "num_statements": 16, "percent_covered": 0.0, "percent_covered_display": "0", "missing_lines": 16, "excluded_lines": 0, "percent_statements_covered": 0.0, "percent_statements_covered_display": "0"}, "missing_lines": [384, 385, 386, 388, 390, 391, 392, 394, 397, 398, 401, 402, 404, 405, 406, 407], "excluded_lines": []}, "SpeckitProject.push": {"executed_lines": [], "summary": {"covered_lines": 0, "num_statements": 29, "percent_covered": 0.0, "percent_covered_display": "0", "missing_lines": 29, "excluded_lines": 0, "percent_statements_covered": 0.0, "percent_statements_covered_display": "0"}, "missing_lines": [415, 416, 418, 420, 421, 423, 424, 427, 428, 429, 430, 433, 434, 435, 436, 437, 438, 441, 442, 443, 444, 445, 446, 447, 448, 449, 451, 452, 453], "excluded_lines": []}, "SpeckitProject.pull": {"executed_lines": [], "summary": {"covered_lines": 0, "num_statements": 55, "percent_covered": 0.0, "percent_covered_display": "0", "missing_lines": 55, "excluded_lines": 0, "percent_statements_covered": 0.0, "percent_statements_covered_display": "0"}, "missing_lines": [461, 462, 464, 466, 467, 469, 470, 473, 474, 475, 476, 479, 480, 481, 482, 483, 484, 485, 488, 489, 490, 491, 492, 493, 494, 497, 498, 500, 501, 504, 505, 506, 509, 511, 512, 513, 515, 516, 517, 518, 519, 521, 524, 525, 526, 529, 530, 531, 533, 542, 543, 545, 547, 548, 549], "excluded_lines": []}, "SpeckitProject.scan_documents": {"executed_lines": [553, 556, 558, 559, 561, 562, 564, 566, 567], "summary": {"covered_lines": 9, "num_statements": 9, "percent_covered": 100.0, "percent_covered_display": "100", "missing_lines": 0, "excluded_lines": 0, "percent_statements_covered": 100.0, "percent_statements_covered_display": "100"}, "missing_lines": [], "excluded_lines": []}, "SpeckitProject.get_document": {"executed_lines": [571, 573, 575, 576, 579, 580, 581, 583], "summary": {"covered_lines": 8, "num_statements": 8, "percent_covered": 100.0, "percent_covered_display": "100", "missing_lines": 0, "excluded_lines": 0, "percent_statements_covered": 100.0, "percent_statements_covered_display": "100"}, "missing_lines": [], "excluded_lines": []}, "SpeckitProject.create_feature_branch": {"executed_lines": [588, 591, 594, 598, 599, 603, 608, 611, 615, 617], "summary": {"covered_lines": 10, "num_statements": 13, "percent_covered": 76.92307692307692, "percent_covered_display": "77", "missing_lines": 3, "excluded_lines": 0, "percent_statements_covered": 76.92307692307692, "percent_statements_covered_display": "77"}, "missing_lines": [589, 595, 600], "excluded_lines": []}, "SpeckitProject.validate_structure": {"executed_lines": [621, 623, 624, 626, 627, 629, 631], "summary": {"covered_lines": 7, "num_statements": 7, "percent_covered": 100.0, "percent_covered_display": "100", "missing_lines": 0, "excluded_lines": 0, "percent_statements_covered": 100.0, "percent_statements_covered_display": "100"}, "missing_lines": [], "excluded_lines": []}, "SpeckitProject.rebuild_index": {"executed_lines": [635, 640], "summary": {"covered_lines": 2, "num_statements": 5, "percent_covered": 40.0, "percent_covered_display": "40", "missing_lines": 3, "excluded_lines": 0, "percent_statements_covered": 40.0, "percent_statements_covered_display": "40"}, "missing_lines": [636, 637, 638], "excluded_lines": []}, "SpeckitProject._rebuild_index_task": {"executed_lines": [644, 646, 647, 649, 650, 653, 654, 655, 656, 657, 661], "summary": {"covered_lines": 11, "num_statements": 15, "percent_covered": 73.33333333333333, "percent_covered_display": "73", "missing_lines": 4, "excluded_lines": 0, "percent_statements_covered": 73.33333333333333, "percent_statements_covered_display": "73"}, "missing_lines": [658, 659, 662, 663], "excluded_lines": []}, "SpeckitProject.get_feature_documents": {"executed_lines": [667, 668, 669, 670, 671, 672], "summary": {"covered_lines": 6, "num_statements": 6, "percent_covered": 100.0, "percent_covered_display": "100", "missing_lines": 0, "excluded_lines": 0, "percent_statements_covered": 100.0, "percent_statements_covered_display": "100"}, "missing_lines": [], "excluded_lines": []}, "SpeckitProject.create_document": {"executed_lines": [676, 677, 678, 679, 680, 681, 682], "summary": {"covered_lines": 7, "num_statements": 7, "percent_covered": 100.0, "percent_covered_display": "100", "missing_lines": 0, "excluded_lines": 0, "percent_statements_covered": 100.0, "percent_statements_covered_display": "100"}, "missing_lines": [], "excluded_lines": []}, "SpeckitProject.save_document": {"executed_lines": [686, 688, 691, 694, 695], "summary": {"covered_lines": 5, "num_statements": 11, "percent_covered": 45.45454545454545, "percent_covered_display": "45", "missing_lines": 6, "excluded_lines": 0, "percent_statements_covered": 45.45454545454545, "percent_statements_covered_display": "45"}, "missing_lines": [697, 698, 699, 707, 708, 709], "excluded_lines": []}, "FeatureBranch.__init__": {"executed_lines": [723, 724, 727, 730, 731, 732, 735, 736, 737], "summary": {"covered_lines": 9, "num_statements": 9, "percent_covered": 100.0, "percent_covered_display": "100", "missing_lines": 0, "excluded_lines": 0, "percent_statements_covered": 100.0, "percent_statements_covered_display": "100"}, "missing_lines": [], "excluded_lines": []}, "FeatureBranch._find_document": {"executed_lines": [742, 744, 745, 746, 747, 748, 750], "summary": {"covered_lines": 7, "num_statements": 7, "percent_covered": 100.0, "percent_covered_display": "100", "missing_lines": 0, "excluded_lines": 0, "percent_statements_covered": 100.0, "percent_statements_covered_display": "100"}, "missing_lines": [], "excluded_lines": []}, "FeatureBranch.get_ahead_behind_counts": {"executed_lines": [755], "summary": {"covered_lines": 1, "num_statements": 1, "percent_covered": 100.0, "percent_covered_display": "100", "missing_lines": 0, "excluded_lines": 0, "percent_statements_covered": 100.0, "percent_statements_covered_display": "100"}, "missing_lines": [], "excluded_lines": []}, "": {"executed_lines": [1, 3, 4, 5, 6, 7, 8, 10, 12, 13, 14, 15, 17, 20, 21, 22, 23, 24, 25, 26, 27, 28, 31, 32, 33, 42, 43, 44, 47, 50, 51, 52, 54, 55, 56, 58, 59, 62, 63, 66, 67, 71, 72, 74, 106, 121, 130, 153, 179, 238, 253, 269, 314, 349, 360, 382, 409, 455, 551, 569, 585, 619, 633, 642, 665, 674, 684, 719, 720, 722, 739, 752], "summary": {"covered_lines": 65, "num_statements": 65, "percent_covered": 100.0, "percent_covered_display": "100", "missing_lines": 0, "excluded_lines": 0, "percent_statements_covered": 100.0, "percent_statements_covered_display": "100"}, "missing_lines": [], "excluded_lines": []}}, "classes": {"FileStatus": {"executed_lines": [], "summary": {"covered_lines": 0, "num_statements": 0, "percent_covered": 100.0, "percent_covered_display": "100", "missing_lines": 0, "excluded_lines": 0, "percent_statements_covered": 100.0, "percent_statements_covered_display": "100"}, "missing_lines": [], "excluded_lines": []}, "GitCommit": {"executed_lines": [], "summary": {"covered_lines": 0, "num_statements": 0, "percent_covered": 100.0, "percent_covered_display": "100", "missing_lines": 0, "excluded_lines": 0, "percent_statements_covered": 100.0, "percent_statements_covered_display": "100"}, "missing_lines": [], "excluded_lines": []}, "GitFileStatus": {"executed_lines": [], "summary": {"covered_lines": 0, "num_statements": 0, "percent_covered": 100.0, "percent_covered_display": "100", "missing_lines": 0, "excluded_lines": 0, "percent_statements_covered": 100.0, "percent_statements_covered_display": "100"}, "missing_lines": [], "excluded_lines": []}, "GitStatus": {"executed_lines": [], "summary": {"covered_lines": 0, "num_statements": 3, "percent_covered": 0.0, "percent_covered_display": "0", "missing_lines": 3, "excluded_lines": 0, "percent_statements_covered": 0.0, "percent_statements_covered_display": "0"}, "missing_lines": [60, 64, 68], "excluded_lines": []}, "SpeckitProject": {"executed_lines": [75, 76, 79, 82, 83, 86, 87, 90, 91, 92, 95, 98, 99, 102, 103, 104, 108, 113, 114, 115, 116, 118, 119, 123, 124, 125, 126, 127, 128, 132, 133, 135, 137, 138, 141, 143, 144, 149, 155, 156, 158, 162, 163, 164, 167, 168, 169, 170, 171, 174, 175, 176, 177, 553, 556, 558, 559, 561, 562, 564, 566, 567, 571, 573, 575, 576, 579, 580, 581, 583, 588, 591, 594, 598, 599, 603, 608, 611, 615, 617, 621, 623, 624, 626, 627, 629, 631, 635, 640, 644, 646, 647, 649, 650, 653, 654, 655, 656, 657, 661, 667, 668, 669, 670, 671, 672, 676, 677, 678, 679, 680, 681, 682, 686, 688, 691, 694, 695], "summary": {"covered_lines": 118, "num_statements": 359, "percent_covered": 32.86908077994429, "percent_covered_display": "33", "missing_lines": 241, "excluded_lines": 0, "percent_statements_covered": 32.86908077994429, "percent_statements_covered_display": "33"}, "missing_lines": [150, 151, 181, 182, 184, 185, 186, 188, 190, 191, 192, 193, 194, 195, 196, 197, 198, 199, 201, 204, 209, 216, 217, 218, 219, 220, 221, 222, 225, 226, 228, 234, 235, 236, 240, 241, 242, 244, 245, 246, 247, 248, 249, 250, 251, 255, 256, 257, 259, 261, 262, 263, 264, 265, 266, 267, 272, 273, 274, 276, 278, 279, 280, 281, 282, 283, 284, 285, 288, 291, 294, 295, 296, 299, 308, 309, 310, 311, 312, 316, 317, 319, 321, 323, 324, 325, 326, 327, 328, 329, 330, 331, 333, 334, 337, 340, 341, 342, 344, 345, 346, 347, 351, 352, 354, 355, 356, 357, 358, 362, 363, 364, 366, 367, 368, 369, 370, 373, 374, 375, 376, 377, 378, 379, 380, 384, 385, 386, 388, 390, 391, 392, 394, 397, 398, 401, 402, 404, 405, 406, 407, 415, 416, 418, 420, 421, 423, 424, 427, 428, 429, 430, 433, 434, 435, 436, 437, 438, 441, 442, 443, 444, 445, 446, 447, 448, 449, 451, 452, 453, 461, 462, 464, 466, 467, 469, 470, 473, 474, 475, 476, 479, 480, 481, 482, 483, 484, 485, 488, 489, 490, 491, 492, 493, 494, 497, 498, 500, 501, 504, 505, 506, 509, 511, 512, 513, 515, 516, 517, 518, 519, 521, 524, 525, 526, 529, 530, 531, 533, 542, 543, 545, 547, 548, 549, 589, 595, 600, 636, 637, 638, 658, 659, 662, 663, 697, 698, 699, 707, 708, 709], "excluded_lines": []}, "FeatureBranch": {"executed_lines": [723, 724, 727, 730, 731, 732, 735, 736, 737, 742, 744, 745, 746, 747, 748, 750, 755], "summary": {"covered_lines": 17, "num_statements": 17, "percent_covered": 100.0, "percent_covered_display": "100", "missing_lines": 0, "excluded_lines": 0, "percent_statements_covered": 100.0, "percent_statements_covered_display": "100"}, "missing_lines": [], "excluded_lines": []}, "": {"executed_lines": [1, 3, 4, 5, 6, 7, 8, 10, 12, 13, 14, 15, 17, 20, 21, 22, 23, 24, 25, 26, 27, 28, 31, 32, 33, 42, 43, 44, 47, 50, 51, 52, 54, 55, 56, 58, 59, 62, 63, 66, 67, 71, 72, 74, 106, 121, 130, 153, 179, 238, 253, 269, 314, 349, 360, 382, 409, 455, 551, 569, 585, 619, 633, 642, 665, 674, 684, 719, 720, 722, 739, 752], "summary": {"covered_lines": 65, "num_statements": 65, "percent_covered": 100.0, "percent_covered_display": "100", "missing_lines": 0, "excluded_lines": 0, "percent_statements_covered": 100.0, "percent_statements_covered_display": "100"}, "missing_lines": [], "excluded_lines": []}}}, "src\\core\\search.py": {"executed_lines": [1, 3, 4, 5, 7, 8, 10, 13, 14, 15, 16, 17, 18, 19, 22, 23, 25, 26, 27, 30, 33, 36, 38, 40, 41, 42, 43, 44, 48, 50, 52, 53, 55, 60, 62, 63, 64, 66, 68, 71, 72, 73, 74, 75, 78, 79, 82, 83, 85, 87, 90, 91, 92, 93, 96, 97, 98, 101, 103, 105, 106, 108, 110, 111, 115, 116, 117, 120, 121, 131, 133, 139, 141, 143, 146, 149, 152, 155, 156, 158, 160, 162, 163, 164, 166, 169, 170, 171, 173], "summary": {"covered_lines": 86, "num_statements": 96, "percent_covered": 89.58333333333333, "percent_covered_display": "90", "missing_lines": 10, "excluded_lines": 0, "percent_statements_covered": 89.58333333333333, "percent_statements_covered_display": "90"}, "missing_lines": [45, 46, 51, 58, 112, 118, 124, 127, 129, 172], "excluded_lines": [], "functions": {"DocumentIndex.__init__": {"executed_lines": [26, 27, 30, 33, 36], "summary": {"covered_lines": 5, "num_statements": 5, "percent_covered": 100.0, "percent_covered_display": "100", "missing_lines": 0, "excluded_lines": 0, "percent_statements_covered": 100.0, "percent_statements_covered_display": "100"}, "missing_lines": [], "excluded_lines": []}, "DocumentIndex.index_document": {"executed_lines": [40, 41, 42, 43, 44], "summary": {"covered_lines": 5, "num_statements": 7, "percent_covered": 71.42857142857143, "percent_covered_display": "71", "missing_lines": 2, "excluded_lines": 0, "percent_statements_covered": 71.42857142857143, "percent_statements_covered_display": "71"}, "missing_lines": [45, 46], "excluded_lines": []}, "DocumentIndex.index_all": {"executed_lines": [50, 52, 53], "summary": {"covered_lines": 3, "num_statements": 4, "percent_covered": 75.0, "percent_covered_display": "75", "missing_lines": 1, "excluded_lines": 0, "percent_statements_covered": 75.0, "percent_statements_covered_display": "75"}, "missing_lines": [51], "excluded_lines": []}, "DocumentIndex.search": {"executed_lines": [105, 106, 108, 110, 111, 115, 116, 117, 120, 121], "summary": {"covered_lines": 10, "num_statements": 15, "percent_covered": 66.66666666666667, "percent_covered_display": "67", "missing_lines": 5, "excluded_lines": 0, "percent_statements_covered": 66.66666666666667, "percent_statements_covered_display": "67"}, "missing_lines": [112, 118, 124, 127, 129], "excluded_lines": []}, "DocumentIndex.clear": {"executed_lines": [62, 63, 64], "summary": {"covered_lines": 3, "num_statements": 3, "percent_covered": 100.0, "percent_covered_display": "100", "missing_lines": 0, "excluded_lines": 0, "percent_statements_covered": 100.0, "percent_statements_covered_display": "100"}, "missing_lines": [], "excluded_lines": []}, "DocumentIndex.add_document": {"executed_lines": [68, 71, 72, 73, 74, 75, 78, 79, 82, 83], "summary": {"covered_lines": 10, "num_statements": 10, "percent_covered": 100.0, "percent_covered_display": "100", "missing_lines": 0, "excluded_lines": 0, "percent_statements_covered": 100.0, "percent_statements_covered_display": "100"}, "missing_lines": [], "excluded_lines": []}, "DocumentIndex.remove_document": {"executed_lines": [87, 90, 91, 92, 93, 96, 97, 98, 101], "summary": {"covered_lines": 9, "num_statements": 9, "percent_covered": 100.0, "percent_covered_display": "100", "missing_lines": 0, "excluded_lines": 0, "percent_statements_covered": 100.0, "percent_statements_covered_display": "100"}, "missing_lines": [], "excluded_lines": []}, "DocumentIndex.get_stats": {"executed_lines": [133], "summary": {"covered_lines": 1, "num_statements": 1, "percent_covered": 100.0, "percent_covered_display": "100", "missing_lines": 0, "excluded_lines": 0, "percent_statements_covered": 100.0, "percent_statements_covered_display": "100"}, "missing_lines": [], "excluded_lines": []}, "DocumentIndex.find_requirement": {"executed_lines": [141], "summary": {"covered_lines": 1, "num_statements": 1, "percent_covered": 100.0, "percent_covered_display": "100", "missing_lines": 0, "excluded_lines": 0, "percent_statements_covered": 100.0, "percent_statements_covered_display": "100"}, "missing_lines": [], "excluded_lines": []}, "DocumentIndex._tokenize": {"executed_lines": [146, 149, 152, 155, 156, 158], "summary": {"covered_lines": 6, "num_statements": 6, "percent_covered": 100.0, "percent_covered_display": "100", "missing_lines": 0, "excluded_lines": 0, "percent_statements_covered": 100.0, "percent_statements_covered_display": "100"}, "missing_lines": [], "excluded_lines": []}, "DocumentIndex._extract_title": {"executed_lines": [162, 163, 164], "summary": {"covered_lines": 3, "num_statements": 3, "percent_covered": 100.0, "percent_covered_display": "100", "missing_lines": 0, "excluded_lines": 0, "percent_statements_covered": 100.0, "percent_statements_covered_display": "100"}, "missing_lines": [], "excluded_lines": []}, "DocumentIndex._rank_document": {"executed_lines": [169, 170, 171, 173], "summary": {"covered_lines": 4, "num_statements": 5, "percent_covered": 80.0, "percent_covered_display": "80", "missing_lines": 1, "excluded_lines": 0, "percent_statements_covered": 80.0, "percent_statements_covered_display": "80"}, "missing_lines": [172], "excluded_lines": []}, "": {"executed_lines": [1, 3, 4, 5, 7, 8, 10, 13, 14, 15, 16, 17, 18, 19, 22, 23, 25, 38, 48, 55, 60, 66, 85, 103, 131, 139, 143, 160, 166], "summary": {"covered_lines": 26, "num_statements": 26, "percent_covered": 100.0, "percent_covered_display": "100", "missing_lines": 0, "excluded_lines": 0, "percent_statements_covered": 100.0, "percent_statements_covered_display": "100"}, "missing_lines": [], "excluded_lines": []}}, "classes": {"SearchOptions": {"executed_lines": [], "summary": {"covered_lines": 0, "num_statements": 0, "percent_covered": 100.0, "percent_covered_display": "100", "missing_lines": 0, "excluded_lines": 0, "percent_statements_covered": 100.0, "percent_statements_covered_display": "100"}, "missing_lines": [], "excluded_lines": []}, "DocumentIndex": {"executed_lines": [26, 27, 30, 33, 36, 40, 41, 42, 43, 44, 50, 52, 53, 62, 63, 64, 68, 71, 72, 73, 74, 75, 78, 79, 82, 83, 87, 90, 91, 92, 93, 96, 97, 98, 101, 105, 106, 108, 110, 111, 115, 116, 117, 120, 121, 133, 141, 146, 149, 152, 155, 156, 158, 162, 163, 164, 169, 170, 171, 173], "summary": {"covered_lines": 60, "num_statements": 70, "percent_covered": 85.71428571428571, "percent_covered_display": "86", "missing_lines": 10, "excluded_lines": 0, "percent_statements_covered": 85.71428571428571, "percent_statements_covered_display": "86"}, "missing_lines": [45, 46, 51, 58, 112, 118, 124, 127, 129, 172], "excluded_lines": []}, "": {"executed_lines": [1, 3, 4, 5, 7, 8, 10, 13, 14, 15, 16, 17, 18, 19, 22, 23, 25, 38, 48, 55, 60, 66, 85, 103, 131, 139, 143, 160, 166], "summary": {"covered_lines": 26, "num_statements": 26, "percent_covered": 100.0, "percent_covered_display": "100", "missing_lines": 0, "excluded_lines": 0, "percent_statements_covered": 100.0, "percent_statements_covered_display": "100"}, "missing_lines": [], "excluded_lines": []}}}, "src\\core\\search_query.py": {"executed_lines": [1, 3, 4, 5, 8, 9, 10, 12, 13, 14, 17, 18, 19, 24, 25], "summary": {"covered_lines": 12, "num_statements": 12, "percent_covered": 100.0, "percent_covered_display": "100", "missing_lines": 0, "excluded_lines": 0, "percent_statements_covered": 100.0, "percent_statements_covered_display": "100"}, "missing_lines": [], "excluded_lines": [], "functions": {"": {"executed_lines": [1, 3, 4, 5, 8, 9, 10, 12, 13, 14, 17, 18, 19, 24, 25], "summary": {"covered_lines": 12, "num_statements": 12, "percent_covered": 100.0, "percent_covered_display": "100", "missing_lines": 0, "excluded_lines": 0, "percent_statements_covered": 100.0, "percent_statements_covered_display": "100"}, "missing_lines": [], "excluded_lines": []}}, "classes": {"SearchQuery": {"executed_lines": [], "summary": {"covered_lines": 0, "num_statements": 0, "percent_covered": 100.0, "percent_covered_display": "100", "missing_lines": 0, "excluded_lines": 0, "percent_statements_covered": 100.0, "percent_statements_covered_display": "100"}, "missing_lines": [], "excluded_lines": []}, "SearchResult": {"executed_lines": [], "summary": {"covered_lines": 0, "num_statements": 0, "percent_covered": 100.0, "percent_covered_display": "100", "missing_lines": 0, "excluded_lines": 0, "percent_statements_covered": 100.0, "percent_statements_covered_display": "100"}, "missing_lines": [], "excluded_lines": []}, "": {"executed_lines": [1, 3, 4, 5, 8, 9, 10, 12, 13, 14, 17, 18, 19, 24, 25], "summary": {"covered_lines": 12, "num_statements": 12, "percent_covered": 100.0, "percent_covered_display": "100", "missing_lines": 0, "excluded_lines": 0, "percent_statements_covered": 100.0, "percent_statements_covered_display": "100"}, "missing_lines": [], "excluded_lines": []}}}, "src\\core\\template.py": {"executed_lines": [1, 3, 4, 5, 6, 7, 9, 11, 14, 15, 16, 19, 20, 21, 23, 25, 26, 27, 30, 31, 32, 35, 36, 37, 38, 41, 42, 43, 45, 46, 48, 49, 51, 53, 54, 57, 60, 62, 74, 75, 77, 80, 81, 82, 84, 85, 86, 87, 88, 90, 92, 93, 95, 96, 99, 104, 105, 106, 109, 111, 114, 122, 123, 124, 125, 126, 127, 128, 130, 134, 136, 138, 139, 141, 143, 180, 182, 185, 186, 190, 197, 198, 199, 202, 210, 211, 212, 214, 215, 217, 223, 289, 290, 313, 400, 401, 403, 404, 405, 406, 407, 409, 411, 412, 414, 415, 416, 418, 419, 420, 421, 422, 426, 428, 429, 430, 432, 452, 467, 469, 470, 472, 473, 474, 481, 504, 529, 541], "summary": {"covered_lines": 124, "num_statements": 307, "percent_covered": 40.39087947882736, "percent_covered_display": "40", "missing_lines": 183, "excluded_lines": 0, "percent_statements_covered": 40.39087947882736, "percent_statements_covered_display": "40"}, "missing_lines": [110, 129, 131, 132, 148, 151, 154, 155, 156, 161, 162, 163, 164, 165, 170, 171, 173, 174, 175, 176, 178, 187, 191, 219, 220, 221, 232, 233, 236, 237, 240, 241, 242, 245, 248, 249, 250, 253, 256, 257, 258, 259, 260, 265, 266, 267, 271, 272, 276, 277, 278, 282, 283, 287, 299, 301, 302, 303, 305, 306, 308, 309, 311, 323, 326, 327, 328, 330, 331, 337, 339, 340, 341, 343, 345, 347, 348, 351, 352, 354, 357, 358, 361, 362, 364, 365, 366, 367, 370, 372, 373, 374, 376, 380, 382, 383, 385, 388, 389, 390, 391, 392, 393, 395, 397, 423, 424, 434, 435, 437, 438, 440, 442, 443, 444, 447, 448, 450, 454, 455, 457, 458, 460, 461, 464, 465, 476, 477, 479, 484, 486, 487, 489, 498, 499, 500, 502, 508, 510, 512, 515, 516, 517, 518, 519, 520, 521, 522, 524, 525, 527, 531, 532, 533, 535, 554, 556, 558, 559, 560, 563, 564, 566, 569, 570, 571, 572, 576, 577, 578, 579, 581, 582, 585, 589, 592, 593, 595, 597, 598, 599, 600, 601], "excluded_lines": [], "functions": {"TemplateVariable.validate": {"executed_lines": [25, 26, 27], "summary": {"covered_lines": 3, "num_statements": 3, "percent_covered": 100.0, "percent_covered_display": "100", "missing_lines": 0, "excluded_lines": 0, "percent_statements_covered": 100.0, "percent_statements_covered_display": "100"}, "missing_lines": [], "excluded_lines": []}, "Template.load": {"executed_lines": [48, 49, 51, 53, 54, 57, 60, 62], "summary": {"covered_lines": 8, "num_statements": 8, "percent_covered": 100.0, "percent_covered_display": "100", "missing_lines": 0, "excluded_lines": 0, "percent_statements_covered": 100.0, "percent_statements_covered_display": "100"}, "missing_lines": [], "excluded_lines": []}, "Template._extract_metadata": {"executed_lines": [77, 80, 81, 82, 84, 85, 86, 87, 88, 90], "summary": {"covered_lines": 10, "num_statements": 10, "percent_covered": 100.0, "percent_covered_display": "100", "missing_lines": 0, "excluded_lines": 0, "percent_statements_covered": 100.0, "percent_statements_covered_display": "100"}, "missing_lines": [], "excluded_lines": []}, "Template._extract_variables": {"executed_lines": [95, 96, 99, 104, 105, 106, 109, 111, 114, 122, 123, 124, 125, 126, 127, 128, 130, 134, 136], "summary": {"covered_lines": 19, "num_statements": 23, "percent_covered": 82.6086956521739, "percent_covered_display": "83", "missing_lines": 4, "excluded_lines": 0, "percent_statements_covered": 82.6086956521739, "percent_statements_covered_display": "83"}, "missing_lines": [110, 129, 131, 132], "excluded_lines": []}, "Template._humanize_variable_name": {"executed_lines": [141], "summary": {"covered_lines": 1, "num_statements": 1, "percent_covered": 100.0, "percent_covered_display": "100", "missing_lines": 0, "excluded_lines": 0, "percent_statements_covered": 100.0, "percent_statements_covered_display": "100"}, "missing_lines": [], "excluded_lines": []}, "Template.validate_variables": {"executed_lines": [], "summary": {"covered_lines": 0, "num_statements": 17, "percent_covered": 0.0, "percent_covered_display": "0", "missing_lines": 17, "excluded_lines": 0, "percent_statements_covered": 0.0, "percent_statements_covered_display": "0"}, "missing_lines": [148, 151, 154, 155, 156, 161, 162, 163, 164, 165, 170, 171, 173, 174, 175, 176, 178], "excluded_lines": []}, "Template.instantiate": {"executed_lines": [182, 185, 186, 190, 197, 198, 199, 202, 210, 211, 212, 214, 215], "summary": {"covered_lines": 13, "num_statements": 15, "percent_covered": 86.66666666666667, "percent_covered_display": "87", "missing_lines": 2, "excluded_lines": 0, "percent_statements_covered": 86.66666666666667, "percent_statements_covered_display": "87"}, "missing_lines": [187, 191], "excluded_lines": []}, "Template.save": {"executed_lines": [], "summary": {"covered_lines": 0, "num_statements": 3, "percent_covered": 0.0, "percent_covered_display": "0", "missing_lines": 3, "excluded_lines": 0, "percent_statements_covered": 0.0, "percent_statements_covered_display": "0"}, "missing_lines": [219, 220, 221], "excluded_lines": []}, "Template.check_compatibility": {"executed_lines": [], "summary": {"covered_lines": 0, "num_statements": 28, "percent_covered": 0.0, "percent_covered_display": "0", "missing_lines": 28, "excluded_lines": 0, "percent_statements_covered": 0.0, "percent_statements_covered_display": "0"}, "missing_lines": [232, 233, 236, 237, 240, 241, 242, 245, 248, 249, 250, 253, 256, 257, 258, 259, 260, 265, 266, 267, 271, 272, 276, 277, 278, 282, 283, 287], "excluded_lines": []}, "Template.backup_document": {"executed_lines": [], "summary": {"covered_lines": 0, "num_statements": 9, "percent_covered": 0.0, "percent_covered_display": "0", "missing_lines": 9, "excluded_lines": 0, "percent_statements_covered": 0.0, "percent_statements_covered_display": "0"}, "missing_lines": [299, 301, 302, 303, 305, 306, 308, 309, 311], "excluded_lines": []}, "Template.migrate_document": {"executed_lines": [], "summary": {"covered_lines": 0, "num_statements": 42, "percent_covered": 0.0, "percent_covered_display": "0", "missing_lines": 42, "excluded_lines": 0, "percent_statements_covered": 0.0, "percent_statements_covered_display": "0"}, "missing_lines": [323, 326, 327, 328, 330, 331, 337, 339, 340, 341, 343, 345, 347, 348, 351, 352, 354, 357, 358, 361, 362, 364, 365, 366, 367, 370, 372, 373, 374, 376, 380, 382, 383, 385, 388, 389, 390, 391, 392, 393, 395, 397], "excluded_lines": []}, "TemplateManager.__init__": {"executed_lines": [404, 405, 406, 407], "summary": {"covered_lines": 4, "num_statements": 4, "percent_covered": 100.0, "percent_covered_display": "100", "missing_lines": 0, "excluded_lines": 0, "percent_statements_covered": 100.0, "percent_statements_covered_display": "100"}, "missing_lines": [], "excluded_lines": []}, "TemplateManager.load_templates": {"executed_lines": [411, 412, 414, 415, 416, 418, 419, 420, 421, 422], "summary": {"covered_lines": 10, "num_statements": 12, "percent_covered": 83.33333333333333, "percent_covered_display": "83", "missing_lines": 2, "excluded_lines": 0, "percent_statements_covered": 83.33333333333333, "percent_statements_covered_display": "83"}, "missing_lines": [423, 424], "excluded_lines": []}, "TemplateManager.list_templates": {"executed_lines": [428, 429, 430], "summary": {"covered_lines": 3, "num_statements": 3, "percent_covered": 100.0, "percent_covered_display": "100", "missing_lines": 0, "excluded_lines": 0, "percent_statements_covered": 100.0, "percent_statements_covered_display": "100"}, "missing_lines": [], "excluded_lines": []}, "TemplateManager.list_templates_by_type": {"executed_lines": [], "summary": {"covered_lines": 0, "num_statements": 11, "percent_covered": 0.0, "percent_covered_display": "0", "missing_lines": 11, "excluded_lines": 0, "percent_statements_covered": 0.0, "percent_statements_covered_display": "0"}, "missing_lines": [434, 435, 437, 438, 440, 442, 443, 444, 447, 448, 450], "excluded_lines": []}, "TemplateManager.get_template_versions": {"executed_lines": [], "summary": {"covered_lines": 0, "num_statements": 8, "percent_covered": 0.0, "percent_covered_display": "0", "missing_lines": 8, "excluded_lines": 0, "percent_statements_covered": 0.0, "percent_statements_covered_display": "0"}, "missing_lines": [454, 455, 457, 458, 460, 461, 464, 465], "excluded_lines": []}, "TemplateManager.get_template": {"executed_lines": [469, 470, 472, 473, 474], "summary": {"covered_lines": 5, "num_statements": 8, "percent_covered": 62.5, "percent_covered_display": "62", "missing_lines": 3, "excluded_lines": 0, "percent_statements_covered": 62.5, "percent_statements_covered_display": "62"}, "missing_lines": [476, 477, 479], "excluded_lines": []}, "TemplateManager.create_template": {"executed_lines": [], "summary": {"covered_lines": 0, "num_statements": 8, "percent_covered": 0.0, "percent_covered_display": "0", "missing_lines": 8, "excluded_lines": 0, "percent_statements_covered": 0.0, "percent_statements_covered_display": "0"}, "missing_lines": [484, 486, 487, 489, 498, 499, 500, 502], "excluded_lines": []}, "TemplateManager.save_template_version": {"executed_lines": [], "summary": {"covered_lines": 0, "num_statements": 14, "percent_covered": 0.0, "percent_covered_display": "0", "missing_lines": 14, "excluded_lines": 0, "percent_statements_covered": 0.0, "percent_statements_covered_display": "0"}, "missing_lines": [508, 510, 512, 515, 516, 517, 518, 519, 520, 521, 522, 524, 525, 527], "excluded_lines": []}, "TemplateManager.copy_template": {"executed_lines": [], "summary": {"covered_lines": 0, "num_statements": 4, "percent_covered": 0.0, "percent_covered_display": "0", "missing_lines": 4, "excluded_lines": 0, "percent_statements_covered": 0.0, "percent_statements_covered_display": "0"}, "missing_lines": [531, 532, 533, 535], "excluded_lines": []}, "TemplateManager.migrate_document_to_template": {"executed_lines": [], "summary": {"covered_lines": 0, "num_statements": 28, "percent_covered": 0.0, "percent_covered_display": "0", "missing_lines": 28, "excluded_lines": 0, "percent_statements_covered": 0.0, "percent_statements_covered_display": "0"}, "missing_lines": [554, 556, 558, 559, 560, 563, 564, 566, 569, 570, 571, 572, 576, 577, 578, 579, 581, 582, 585, 589, 592, 593, 595, 597, 598, 599, 600, 601], "excluded_lines": []}, "": {"executed_lines": [1, 3, 4, 5, 6, 7, 9, 11, 14, 15, 16, 19, 20, 21, 23, 30, 31, 32, 35, 36, 37, 38, 41, 42, 43, 45, 46, 74, 75, 92, 93, 138, 139, 143, 180, 217, 223, 289, 290, 313, 400, 401, 403, 409, 426, 432, 452, 467, 481, 504, 529, 541], "summary": {"covered_lines": 48, "num_statements": 48, "percent_covered": 100.0, "percent_covered_display": "100", "missing_lines": 0, "excluded_lines": 0, "percent_statements_covered": 100.0, "percent_statements_covered_display": "100"}, "missing_lines": [], "excluded_lines": []}}, "classes": {"TemplateVariable": {"executed_lines": [25, 26, 27], "summary": {"covered_lines": 3, "num_statements": 3, "percent_covered": 100.0, "percent_covered_display": "100", "missing_lines": 0, "excluded_lines": 0, "percent_statements_covered": 100.0, "percent_statements_covered_display": "100"}, "missing_lines": [], "excluded_lines": []}, "Template": {"executed_lines": [48, 49, 51, 53, 54, 57, 60, 62, 77, 80, 81, 82, 84, 85, 86, 87, 88, 90, 95, 96, 99, 104, 105, 106, 109, 111, 114, 122, 123, 124, 125, 126, 127, 128, 130, 134, 136, 141, 182, 185, 186, 190, 197, 198, 199, 202, 210, 211, 212, 214, 215], "summary": {"covered_lines": 51, "num_statements": 156, "percent_covered": 32.69230769230769, "percent_covered_display": "33", "missing_lines": 105, "excluded_lines": 0, "percent_statements_covered": 32.69230769230769, "percent_statements_covered_display": "33"}, "missing_lines": [110, 129, 131, 132, 148, 151, 154, 155, 156, 161, 162, 163, 164, 165, 170, 171, 173, 174, 175, 176, 178, 187, 191, 219, 220, 221, 232, 233, 236, 237, 240, 241, 242, 245, 248, 249, 250, 253, 256, 257, 258, 259, 260, 265, 266, 267, 271, 272, 276, 277, 278, 282, 283, 287, 299, 301, 302, 303, 305, 306, 308, 309, 311, 323, 326, 327, 328, 330, 331, 337, 339, 340, 341, 343, 345, 347, 348, 351, 352, 354, 357, 358, 361, 362, 364, 365, 366, 367, 370, 372, 373, 374, 376, 380, 382, 383, 385, 388, 389, 390, 391, 392, 393, 395, 397], "excluded_lines": []}, "TemplateManager": {"executed_lines": [404, 405, 406, 407, 411, 412, 414, 415, 416, 418, 419, 420, 421, 422, 428, 429, 430, 469, 470, 472, 473, 474], "summary": {"covered_lines": 22, "num_statements": 100, "percent_covered": 22.0, "percent_covered_display": "22", "missing_lines": 78, "excluded_lines": 0, "percent_statements_covered": 22.0, "percent_statements_covered_display": "22"}, "missing_lines": [423, 424, 434, 435, 437, 438, 440, 442, 443, 444, 447, 448, 450, 454, 455, 457, 458, 460, 461, 464, 465, 476, 477, 479, 484, 486, 487, 489, 498, 499, 500, 502, 508, 510, 512, 515, 516, 517, 518, 519, 520, 521, 522, 524, 525, 527, 531, 532, 533, 535, 554, 556, 558, 559, 560, 563, 564, 566, 569, 570, 571, 572, 576, 577, 578, 579, 581, 582, 585, 589, 592, 593, 595, 597, 598, 599, 600, 601], "excluded_lines": []}, "": {"executed_lines": [1, 3, 4, 5, 6, 7, 9, 11, 14, 15, 16, 19, 20, 21, 23, 30, 31, 32, 35, 36, 37, 38, 41, 42, 43, 45, 46, 74, 75, 92, 93, 138, 139, 143, 180, 217, 223, 289, 290, 313, 400, 401, 403, 409, 426, 432, 452, 467, 481, 504, 529, 541], "summary": {"covered_lines": 48, "num_statements": 48, "percent_covered": 100.0, "percent_covered_display": "100", "missing_lines": 0, "excluded_lines": 0, "percent_statements_covered": 100.0, "percent_statements_covered_display": "100"}, "missing_lines": [], "excluded_lines": []}}}, "src\\core\\validator.py": {"executed_lines": [1, 3, 4, 5, 6, 8, 9, 12, 13, 14, 17, 18, 19, 22, 23, 24, 29, 32, 39, 41, 44, 53, 54, 57, 59, 60, 62, 64, 65, 68, 71, 74, 77, 80, 82, 84, 87, 89, 98, 100, 104, 106, 107, 108, 110, 111, 112, 113, 116, 117, 118, 120, 121, 122, 128, 130, 134, 137, 139, 140, 141, 142, 145, 149, 150, 157, 160, 162, 163, 164, 170, 172, 175, 177, 178, 179, 180, 184, 187, 193, 194, 196, 197, 203, 205, 206, 211, 214, 219, 220, 222, 223, 228, 246, 300, 325, 342, 360, 361, 363, 364, 366, 368, 371, 374, 377, 379, 381, 383, 388, 389, 390, 391, 396, 398, 403, 404, 405, 406, 407, 409, 410, 415, 417, 419, 420, 424, 427, 428], "summary": {"covered_lines": 124, "num_statements": 185, "percent_covered": 67.02702702702703, "percent_covered_display": "67", "missing_lines": 61, "excluded_lines": 0, "percent_statements_covered": 67.02702702702703, "percent_statements_covered_display": "67"}, "missing_lines": [90, 146, 181, 182, 232, 234, 235, 236, 237, 238, 240, 241, 259, 262, 263, 267, 270, 272, 273, 274, 276, 277, 280, 281, 283, 284, 285, 291, 292, 293, 294, 295, 296, 298, 302, 303, 305, 306, 307, 308, 310, 311, 312, 318, 319, 320, 327, 328, 330, 331, 332, 333, 335, 336, 337, 344, 346, 347, 353, 354, 429], "excluded_lines": [], "functions": {"ValidationResult.add_error": {"executed_lines": [32, 39], "summary": {"covered_lines": 2, "num_statements": 2, "percent_covered": 100.0, "percent_covered_display": "100", "missing_lines": 0, "excluded_lines": 0, "percent_statements_covered": 100.0, "percent_statements_covered_display": "100"}, "missing_lines": [], "excluded_lines": []}, "ValidationResult.add_warning": {"executed_lines": [44], "summary": {"covered_lines": 1, "num_statements": 1, "percent_covered": 100.0, "percent_covered_display": "100", "missing_lines": 0, "excluded_lines": 0, "percent_statements_covered": 100.0, "percent_statements_covered_display": "100"}, "missing_lines": [], "excluded_lines": []}, "DocumentValidator.__init__": {"executed_lines": [60], "summary": {"covered_lines": 1, "num_statements": 1, "percent_covered": 100.0, "percent_covered_display": "100", "missing_lines": 0, "excluded_lines": 0, "percent_statements_covered": 100.0, "percent_statements_covered_display": "100"}, "missing_lines": [], "excluded_lines": []}, "DocumentValidator.validate": {"executed_lines": [64, 65, 68, 71, 74, 77, 80, 82], "summary": {"covered_lines": 8, "num_statements": 8, "percent_covered": 100.0, "percent_covered_display": "100", "missing_lines": 0, "excluded_lines": 0, "percent_statements_covered": 100.0, "percent_statements_covered_display": "100"}, "missing_lines": [], "excluded_lines": []}, "DocumentValidator._validate_requirement_ids": {"executed_lines": [87, 89, 98], "summary": {"covered_lines": 3, "num_statements": 4, "percent_covered": 75.0, "percent_covered_display": "75", "missing_lines": 1, "excluded_lines": 0, "percent_statements_covered": 75.0, "percent_statements_covered_display": "75"}, "missing_lines": [90], "excluded_lines": []}, "DocumentValidator._validate_sequential_numbering": {"executed_lines": [104, 106, 107, 108, 110, 111, 112, 113, 116, 117, 118, 120, 121, 122, 128], "summary": {"covered_lines": 15, "num_statements": 15, "percent_covered": 100.0, "percent_covered_display": "100", "missing_lines": 0, "excluded_lines": 0, "percent_statements_covered": 100.0, "percent_statements_covered_display": "100"}, "missing_lines": [], "excluded_lines": []}, "DocumentValidator._validate_cross_references": {"executed_lines": [134, 137, 139, 140, 141, 142, 145, 149, 150], "summary": {"covered_lines": 9, "num_statements": 10, "percent_covered": 90.0, "percent_covered_display": "90", "missing_lines": 1, "excluded_lines": 0, "percent_statements_covered": 90.0, "percent_statements_covered_display": "90"}, "missing_lines": [146], "excluded_lines": []}, "DocumentValidator._validate_duplicates": {"executed_lines": [160, 162, 163, 164, 170], "summary": {"covered_lines": 5, "num_statements": 5, "percent_covered": 100.0, "percent_covered_display": "100", "missing_lines": 0, "excluded_lines": 0, "percent_statements_covered": 100.0, "percent_statements_covered_display": "100"}, "missing_lines": [], "excluded_lines": []}, "DocumentValidator._validate_structure": {"executed_lines": [175, 177, 178, 179, 180], "summary": {"covered_lines": 5, "num_statements": 7, "percent_covered": 71.42857142857143, "percent_covered_display": "71", "missing_lines": 2, "excluded_lines": 0, "percent_statements_covered": 71.42857142857143, "percent_statements_covered_display": "71"}, "missing_lines": [181, 182], "excluded_lines": []}, "DocumentValidator._validate_spec_structure": {"executed_lines": [187, 193, 194, 196, 197, 203, 205, 206], "summary": {"covered_lines": 8, "num_statements": 8, "percent_covered": 100.0, "percent_covered_display": "100", "missing_lines": 0, "excluded_lines": 0, "percent_statements_covered": 100.0, "percent_statements_covered_display": "100"}, "missing_lines": [], "excluded_lines": []}, "DocumentValidator._validate_plan_structure": {"executed_lines": [214, 219, 220, 222, 223], "summary": {"covered_lines": 5, "num_statements": 5, "percent_covered": 100.0, "percent_covered_display": "100", "missing_lines": 0, "excluded_lines": 0, "percent_statements_covered": 100.0, "percent_statements_covered_display": "100"}, "missing_lines": [], "excluded_lines": []}, "DocumentValidator._validate_tasks_structure": {"executed_lines": [], "summary": {"covered_lines": 0, "num_statements": 8, "percent_covered": 0.0, "percent_covered_display": "0", "missing_lines": 8, "excluded_lines": 0, "percent_statements_covered": 0.0, "percent_statements_covered_display": "0"}, "missing_lines": [232, 234, 235, 236, 237, 238, 240, 241], "excluded_lines": []}, "DocumentValidator.validate_ai_content": {"executed_lines": [], "summary": {"covered_lines": 0, "num_statements": 22, "percent_covered": 0.0, "percent_covered_display": "0", "missing_lines": 22, "excluded_lines": 0, "percent_statements_covered": 0.0, "percent_statements_covered_display": "0"}, "missing_lines": [259, 262, 263, 267, 270, 272, 273, 274, 276, 277, 280, 281, 283, 284, 285, 291, 292, 293, 294, 295, 296, 298], "excluded_lines": []}, "DocumentValidator._validate_ai_spec_content": {"executed_lines": [], "summary": {"covered_lines": 0, "num_statements": 12, "percent_covered": 0.0, "percent_covered_display": "0", "missing_lines": 12, "excluded_lines": 0, "percent_statements_covered": 0.0, "percent_statements_covered_display": "0"}, "missing_lines": [302, 303, 305, 306, 307, 308, 310, 311, 312, 318, 319, 320], "excluded_lines": []}, "DocumentValidator._validate_ai_plan_content": {"executed_lines": [], "summary": {"covered_lines": 0, "num_statements": 9, "percent_covered": 0.0, "percent_covered_display": "0", "missing_lines": 9, "excluded_lines": 0, "percent_statements_covered": 0.0, "percent_statements_covered_display": "0"}, "missing_lines": [327, 328, 330, 331, 332, 333, 335, 336, 337], "excluded_lines": []}, "DocumentValidator._validate_ai_tasks_content": {"executed_lines": [], "summary": {"covered_lines": 0, "num_statements": 5, "percent_covered": 0.0, "percent_covered_display": "0", "missing_lines": 5, "excluded_lines": 0, "percent_statements_covered": 0.0, "percent_statements_covered_display": "0"}, "missing_lines": [344, 346, 347, 353, 354], "excluded_lines": []}, "ProjectValidator.__init__": {"executed_lines": [364], "summary": {"covered_lines": 1, "num_statements": 1, "percent_covered": 100.0, "percent_covered_display": "100", "missing_lines": 0, "excluded_lines": 0, "percent_statements_covered": 100.0, "percent_statements_covered_display": "100"}, "missing_lines": [], "excluded_lines": []}, "ProjectValidator.validate": {"executed_lines": [368, 371, 374, 377, 379], "summary": {"covered_lines": 5, "num_statements": 5, "percent_covered": 100.0, "percent_covered_display": "100", "missing_lines": 0, "excluded_lines": 0, "percent_statements_covered": 100.0, "percent_statements_covered_display": "100"}, "missing_lines": [], "excluded_lines": []}, "ProjectValidator._validate_directories": {"executed_lines": [383, 388, 389, 390, 391], "summary": {"covered_lines": 5, "num_statements": 5, "percent_covered": 100.0, "percent_covered_display": "100", "missing_lines": 0, "excluded_lines": 0, "percent_statements_covered": 100.0, "percent_statements_covered_display": "100"}, "missing_lines": [], "excluded_lines": []}, "ProjectValidator._validate_constitution": {"executed_lines": [398, 403, 404, 405, 406, 407, 409, 410], "summary": {"covered_lines": 8, "num_statements": 8, "percent_covered": 100.0, "percent_covered_display": "100", "missing_lines": 0, "excluded_lines": 0, "percent_statements_covered": 100.0, "percent_statements_covered_display": "100"}, "missing_lines": [], "excluded_lines": []}, "ProjectValidator._validate_specify_folder": {"executed_lines": [417, 419, 420, 424, 427, 428], "summary": {"covered_lines": 6, "num_statements": 7, "percent_covered": 85.71428571428571, "percent_covered_display": "86", "missing_lines": 1, "excluded_lines": 0, "percent_statements_covered": 85.71428571428571, "percent_statements_covered_display": "86"}, "missing_lines": [429], "excluded_lines": []}, "": {"executed_lines": [1, 3, 4, 5, 6, 8, 9, 12, 13, 14, 17, 18, 19, 22, 23, 24, 29, 41, 53, 54, 57, 59, 62, 84, 100, 130, 157, 172, 184, 211, 228, 246, 300, 325, 342, 360, 361, 363, 366, 381, 396, 415], "summary": {"covered_lines": 37, "num_statements": 37, "percent_covered": 100.0, "percent_covered_display": "100", "missing_lines": 0, "excluded_lines": 0, "percent_statements_covered": 100.0, "percent_statements_covered_display": "100"}, "missing_lines": [], "excluded_lines": []}}, "classes": {"ValidationError": {"executed_lines": [], "summary": {"covered_lines": 0, "num_statements": 0, "percent_covered": 100.0, "percent_covered_display": "100", "missing_lines": 0, "excluded_lines": 0, "percent_statements_covered": 100.0, "percent_statements_covered_display": "100"}, "missing_lines": [], "excluded_lines": []}, "ValidationResult": {"executed_lines": [32, 39, 44], "summary": {"covered_lines": 3, "num_statements": 3, "percent_covered": 100.0, "percent_covered_display": "100", "missing_lines": 0, "excluded_lines": 0, "percent_statements_covered": 100.0, "percent_statements_covered_display": "100"}, "missing_lines": [], "excluded_lines": []}, "DocumentValidator": {"executed_lines": [60, 64, 65, 68, 71, 74, 77, 80, 82, 87, 89, 98, 104, 106, 107, 108, 110, 111, 112, 113, 116, 117, 118, 120, 121, 122, 128, 134, 137, 139, 140, 141, 142, 145, 149, 150, 160, 162, 163, 164, 170, 175, 177, 178, 179, 180, 187, 193, 194, 196, 197, 203, 205, 206, 214, 219, 220, 222, 223], "summary": {"covered_lines": 59, "num_statements": 119, "percent_covered": 49.57983193277311, "percent_covered_display": "50", "missing_lines": 60, "excluded_lines": 0, "percent_statements_covered": 49.57983193277311, "percent_statements_covered_display": "50"}, "missing_lines": [90, 146, 181, 182, 232, 234, 235, 236, 237, 238, 240, 241, 259, 262, 263, 267, 270, 272, 273, 274, 276, 277, 280, 281, 283, 284, 285, 291, 292, 293, 294, 295, 296, 298, 302, 303, 305, 306, 307, 308, 310, 311, 312, 318, 319, 320, 327, 328, 330, 331, 332, 333, 335, 336, 337, 344, 346, 347, 353, 354], "excluded_lines": []}, "ProjectValidator": {"executed_lines": [364, 368, 371, 374, 377, 379, 383, 388, 389, 390, 391, 398, 403, 404, 405, 406, 407, 409, 410, 417, 419, 420, 424, 427, 428], "summary": {"covered_lines": 25, "num_statements": 26, "percent_covered": 96.15384615384616, "percent_covered_display": "96", "missing_lines": 1, "excluded_lines": 0, "percent_statements_covered": 96.15384615384616, "percent_statements_covered_display": "96"}, "missing_lines": [429], "excluded_lines": []}, "": {"executed_lines": [1, 3, 4, 5, 6, 8, 9, 12, 13, 14, 17, 18, 19, 22, 23, 24, 29, 41, 53, 54, 57, 59, 62, 84, 100, 130, 157, 172, 184, 211, 228, 246, 300, 325, 342, 360, 361, 363, 366, 381, 396, 415], "summary": {"covered_lines": 37, "num_statements": 37, "percent_covered": 100.0, "percent_covered_display": "100", "missing_lines": 0, "excluded_lines": 0, "percent_statements_covered": 100.0, "percent_statements_covered_display": "100"}, "missing_lines": [], "excluded_lines": []}}}, "src\\mcp\\__init__.py": {"executed_lines": [1, 3, 5], "summary": {"covered_lines": 2, "num_statements": 2, "percent_covered": 100.0, "percent_covered_display": "100", "missing_lines": 0, "excluded_lines": 0, "percent_statements_covered": 100.0, "percent_statements_covered_display": "100"}, "missing_lines": [], "excluded_lines": [], "functions": {"": {"executed_lines": [1, 3, 5], "summary": {"covered_lines": 2, "num_statements": 2, "percent_covered": 100.0, "percent_covered_display": "100", "missing_lines": 0, "excluded_lines": 0, "percent_statements_covered": 100.0, "percent_statements_covered_display": "100"}, "missing_lines": [], "excluded_lines": []}}, "classes": {"": {"executed_lines": [1, 3, 5], "summary": {"covered_lines": 2, "num_statements": 2, "percent_covered": 100.0, "percent_covered_display": "100", "missing_lines": 0, "excluded_lines": 0, "percent_statements_covered": 100.0, "percent_statements_covered_display": "100"}, "missing_lines": [], "excluded_lines": []}}}, "src\\mcp\\base_service.py": {"executed_lines": [1, 3, 4, 6, 7, 9, 12, 13, 15, 22, 23, 30, 31, 38, 39, 46, 47, 54], "summary": {"covered_lines": 8, "num_statements": 30, "percent_covered": 26.666666666666668, "percent_covered_display": "27", "missing_lines": 22, "excluded_lines": 28, "percent_statements_covered": 26.666666666666668, "percent_statements_covered_display": "27"}, "missing_lines": [16, 17, 18, 19, 20, 59, 61, 62, 63, 66, 67, 68, 69, 72, 73, 74, 75, 78, 80, 81, 82, 83], "excluded_lines": [22, 23, 24, 25, 26, 27, 28, 30, 31, 32, 33, 34, 35, 36, 38, 39, 40, 41, 42, 43, 44, 46, 47, 48, 49, 50, 51, 52], "functions": {"BaseMCPService.__init__": {"executed_lines": [], "summary": {"covered_lines": 0, "num_statements": 5, "percent_covered": 0.0, "percent_covered_display": "0", "missing_lines": 5, "excluded_lines": 0, "percent_statements_covered": 0.0, "percent_statements_covered_display": "0"}, "missing_lines": [16, 17, 18, 19, 20], "excluded_lines": []}, "BaseMCPService.connect": {"executed_lines": [], "summary": {"covered_lines": 0, "num_statements": 0, "percent_covered": 100.0, "percent_covered_display": "100", "missing_lines": 0, "excluded_lines": 5, "percent_statements_covered": 100.0, "percent_statements_covered_display": "100"}, "missing_lines": [], "excluded_lines": [24, 25, 26, 27, 28]}, "BaseMCPService.disconnect": {"executed_lines": [], "summary": {"covered_lines": 0, "num_statements": 0, "percent_covered": 100.0, "percent_covered_display": "100", "missing_lines": 0, "excluded_lines": 5, "percent_statements_covered": 100.0, "percent_statements_covered_display": "100"}, "missing_lines": [], "excluded_lines": [32, 33, 34, 35, 36]}, "BaseMCPService.health_check": {"executed_lines": [], "summary": {"covered_lines": 0, "num_statements": 0, "percent_covered": 100.0, "percent_covered_display": "100", "missing_lines": 0, "excluded_lines": 5, "percent_statements_covered": 100.0, "percent_statements_covered_display": "100"}, "missing_lines": [], "excluded_lines": [40, 41, 42, 43, 44]}, "BaseMCPService.authenticate": {"executed_lines": [], "summary": {"covered_lines": 0, "num_statements": 0, "percent_covered": 100.0, "percent_covered_display": "100", "missing_lines": 0, "excluded_lines": 5, "percent_statements_covered": 100.0, "percent_statements_covered_display": "100"}, "missing_lines": [], "excluded_lines": [48, 49, 50, 51, 52]}, "BaseMCPService.test_connection": {"executed_lines": [], "summary": {"covered_lines": 0, "num_statements": 17, "percent_covered": 0.0, "percent_covered_display": "0", "missing_lines": 17, "excluded_lines": 0, "percent_statements_covered": 0.0, "percent_statements_covered_display": "0"}, "missing_lines": [59, 61, 62, 63, 66, 67, 68, 69, 72, 73, 74, 75, 78, 80, 81, 82, 83], "excluded_lines": []}, "": {"executed_lines": [1, 3, 4, 6, 7, 9, 12, 13, 15, 22, 23, 30, 31, 38, 39, 46, 47, 54], "summary": {"covered_lines": 8, "num_statements": 8, "percent_covered": 100.0, "percent_covered_display": "100", "missing_lines": 0, "excluded_lines": 8, "percent_statements_covered": 100.0, "percent_statements_covered_display": "100"}, "missing_lines": [], "excluded_lines": [22, 23, 30, 31, 38, 39, 46, 47]}}, "classes": {"BaseMCPService": {"executed_lines": [], "summary": {"covered_lines": 0, "num_statements": 22, "percent_covered": 0.0, "percent_covered_display": "0", "missing_lines": 22, "excluded_lines": 20, "percent_statements_covered": 0.0, "percent_statements_covered_display": "0"}, "missing_lines": [16, 17, 18, 19, 20, 59, 61, 62, 63, 66, 67, 68, 69, 72, 73, 74, 75, 78, 80, 81, 82, 83], "excluded_lines": [24, 25, 26, 27, 28, 32, 33, 34, 35, 36, 40, 41, 42, 43, 44, 48, 49, 50, 51, 52]}, "": {"executed_lines": [1, 3, 4, 6, 7, 9, 12, 13, 15, 22, 23, 30, 31, 38, 39, 46, 47, 54], "summary": {"covered_lines": 8, "num_statements": 8, "percent_covered": 100.0, "percent_covered_display": "100", "missing_lines": 0, "excluded_lines": 8, "percent_statements_covered": 100.0, "percent_statements_covered_display": "100"}, "missing_lines": [], "excluded_lines": [22, 23, 30, 31, 38, 39, 46, 47]}}}, "src\\mcp\\credentials.py": {"executed_lines": [1, 3, 4, 5, 7, 8, 9, 13, 15, 18, 21, 22, 23, 24, 25, 26, 27, 28, 30, 34, 49, 50, 62, 63, 65, 66, 67, 70, 85, 98, 109], "summary": {"covered_lines": 28, "num_statements": 75, "percent_covered": 37.333333333333336, "percent_covered_display": "37", "missing_lines": 47, "excluded_lines": 0, "percent_statements_covered": 37.333333333333336, "percent_statements_covered_display": "37"}, "missing_lines": [10, 11, 31, 32, 36, 37, 38, 39, 40, 41, 42, 43, 44, 45, 46, 47, 52, 68, 72, 73, 75, 76, 77, 79, 80, 81, 82, 83, 87, 88, 89, 90, 91, 92, 93, 94, 95, 96, 100, 101, 102, 103, 104, 105, 106, 107, 113], "excluded_lines": [], "functions": {"ServiceCredential.__post_init__": {"executed_lines": [], "summary": {"covered_lines": 0, "num_statements": 2, "percent_covered": 0.0, "percent_covered_display": "0", "missing_lines": 2, "excluded_lines": 0, "percent_statements_covered": 0.0, "percent_statements_covered_display": "0"}, "missing_lines": [31, 32], "excluded_lines": []}, "ServiceCredential.to_dict": {"executed_lines": [], "summary": {"covered_lines": 0, "num_statements": 12, "percent_covered": 0.0, "percent_covered_display": "0", "missing_lines": 12, "excluded_lines": 0, "percent_statements_covered": 0.0, "percent_statements_covered_display": "0"}, "missing_lines": [36, 37, 38, 39, 40, 41, 42, 43, 44, 45, 46, 47], "excluded_lines": []}, "ServiceCredential.from_dict": {"executed_lines": [], "summary": {"covered_lines": 0, "num_statements": 1, "percent_covered": 0.0, "percent_covered_display": "0", "missing_lines": 1, "excluded_lines": 0, "percent_statements_covered": 0.0, "percent_statements_covered_display": "0"}, "missing_lines": [52], "excluded_lines": []}, "CredentialStore.__init__": {"executed_lines": [66, 67], "summary": {"covered_lines": 2, "num_statements": 3, "percent_covered": 66.66666666666667, "percent_covered_display": "67", "missing_lines": 1, "excluded_lines": 0, "percent_statements_covered": 66.66666666666667, "percent_statements_covered_display": "67"}, "missing_lines": [68], "excluded_lines": []}, "CredentialStore.store_credentials": {"executed_lines": [], "summary": {"covered_lines": 0, "num_statements": 10, "percent_covered": 0.0, "percent_covered_display": "0", "missing_lines": 10, "excluded_lines": 0, "percent_statements_covered": 0.0, "percent_statements_covered_display": "0"}, "missing_lines": [72, 73, 75, 76, 77, 79, 80, 81, 82, 83], "excluded_lines": []}, "CredentialStore.get_credentials": {"executed_lines": [], "summary": {"covered_lines": 0, "num_statements": 10, "percent_covered": 0.0, "percent_covered_display": "0", "missing_lines": 10, "excluded_lines": 0, "percent_statements_covered": 0.0, "percent_statements_covered_display": "0"}, "missing_lines": [87, 88, 89, 90, 91, 92, 93, 94, 95, 96], "excluded_lines": []}, "CredentialStore.delete_credentials": {"executed_lines": [], "summary": {"covered_lines": 0, "num_statements": 8, "percent_covered": 0.0, "percent_covered_display": "0", "missing_lines": 8, "excluded_lines": 0, "percent_statements_covered": 0.0, "percent_statements_covered_display": "0"}, "missing_lines": [100, 101, 102, 103, 104, 105, 106, 107], "excluded_lines": []}, "CredentialStore.list_stored_connections": {"executed_lines": [], "summary": {"covered_lines": 0, "num_statements": 1, "percent_covered": 0.0, "percent_covered_display": "0", "missing_lines": 1, "excluded_lines": 0, "percent_statements_covered": 0.0, "percent_statements_covered_display": "0"}, "missing_lines": [113], "excluded_lines": []}, "": {"executed_lines": [1, 3, 4, 5, 7, 8, 9, 13, 15, 18, 21, 22, 23, 24, 25, 26, 27, 28, 30, 34, 49, 50, 62, 63, 65, 70, 85, 98, 109], "summary": {"covered_lines": 26, "num_statements": 28, "percent_covered": 92.85714285714286, "percent_covered_display": "93", "missing_lines": 2, "excluded_lines": 0, "percent_statements_covered": 92.85714285714286, "percent_statements_covered_display": "93"}, "missing_lines": [10, 11], "excluded_lines": []}}, "classes": {"ServiceCredential": {"executed_lines": [], "summary": {"covered_lines": 0, "num_statements": 15, "percent_covered": 0.0, "percent_covered_display": "0", "missing_lines": 15, "excluded_lines": 0, "percent_statements_covered": 0.0, "percent_statements_covered_display": "0"}, "missing_lines": [31, 32, 36, 37, 38, 39, 40, 41, 42, 43, 44, 45, 46, 47, 52], "excluded_lines": []}, "CredentialStore": {"executed_lines": [66, 67], "summary": {"covered_lines": 2, "num_statements": 32, "percent_covered": 6.25, "percent_covered_display": "6", "missing_lines": 30, "excluded_lines": 0, "percent_statements_covered": 6.25, "percent_statements_covered_display": "6"}, "missing_lines": [68, 72, 73, 75, 76, 77, 79, 80, 81, 82, 83, 87, 88, 89, 90, 91, 92, 93, 94, 95, 96, 100, 101, 102, 103, 104, 105, 106, 107, 113], "excluded_lines": []}, "": {"executed_lines": [1, 3, 4, 5, 7, 8, 9, 13, 15, 18, 21, 22, 23, 24, 25, 26, 27, 28, 30, 34, 49, 50, 62, 63, 65, 70, 85, 98, 109], "summary": {"covered_lines": 26, "num_statements": 28, "percent_covered": 92.85714285714286, "percent_covered_display": "93", "missing_lines": 2, "excluded_lines": 0, "percent_statements_covered": 92.85714285714286, "percent_statements_covered_display": "93"}, "missing_lines": [10, 11], "excluded_lines": []}}}, "src\\mcp\\server.py": {"executed_lines": [1, 3, 4, 5, 6, 7, 8, 9, 10, 11, 12, 14, 15, 16, 20, 22, 25, 33, 34, 35, 36, 37, 38, 39, 40, 43, 44, 45, 46, 47, 48, 51, 52, 53, 56, 57, 58, 60, 70, 71, 82, 83, 84, 91, 93, 98, 110, 111, 124, 125, 127, 128, 129, 131, 132, 135, 138, 139, 140, 143, 144, 145, 147, 149, 151, 152, 153, 156, 171, 176, 177, 179, 184, 188, 193, 224, 273, 307, 309, 313, 314, 317, 318, 321, 322, 323, 325, 326, 328, 332, 335, 337, 338, 344, 363, 365, 366, 367, 369, 370, 379, 390, 403, 407, 409, 411, 472, 488, 504, 506, 507, 508], "summary": {"covered_lines": 106, "num_statements": 264, "percent_covered": 40.15151515151515, "percent_covered_display": "40", "missing_lines": 158, "excluded_lines": 0, "percent_statements_covered": 40.15151515151515, "percent_statements_covered_display": "40"}, "missing_lines": [28, 29, 62, 73, 95, 96, 100, 113, 181, 182, 186, 190, 191, 195, 196, 197, 199, 202, 216, 217, 219, 221, 222, 232, 233, 234, 236, 244, 245, 247, 248, 251, 262, 263, 264, 266, 267, 269, 270, 271, 275, 276, 277, 280, 281, 283, 284, 285, 286, 287, 288, 291, 292, 293, 294, 296, 298, 299, 301, 303, 304, 305, 310, 311, 329, 330, 340, 341, 342, 346, 347, 349, 351, 354, 355, 358, 359, 361, 371, 373, 374, 376, 377, 381, 382, 383, 384, 385, 386, 387, 388, 392, 393, 394, 395, 396, 397, 398, 399, 400, 401, 405, 413, 415, 416, 419, 422, 425, 426, 427, 428, 429, 432, 433, 434, 435, 437, 439, 445, 44
[...]
_display": "0", "missing_lines": 10, "excluded_lines": 0, "percent_statements_covered": 0.0, "percent_statements_covered_display": "0"}, "missing_lines": [81, 82, 83, 87, 88, 89, 91, 92, 93, 94], "excluded_lines": []}, "JiraService.health_check": {"executed_lines": [], "summary": {"covered_lines": 0, "num_statements": 8, "percent_covered": 0.0, "percent_covered_display": "0", "missing_lines": 8, "excluded_lines": 0, "percent_statements_covered": 0.0, "percent_statements_covered_display": "0"}, "missing_lines": [98, 99, 100, 103, 104, 105, 106, 107], "excluded_lines": []}, "JiraService.list_issues": {"executed_lines": [], "summary": {"covered_lines": 0, "num_statements": 9, "percent_covered": 0.0, "percent_covered_display": "0", "missing_lines": 9, "excluded_lines": 0, "percent_statements_covered": 0.0, "percent_statements_covered_display": "0"}, "missing_lines": [114, 115, 116, 119, 120, 124, 125, 126, 127], "excluded_lines": []}, "JiraService.get_issue": {"executed_lines": [], "summary": {"covered_lines": 0, "num_statements": 9, "percent_covered": 0.0, "percent_covered_display": "0", "missing_lines": 9, "excluded_lines": 0, "percent_statements_covered": 0.0, "percent_statements_covered_display": "0"}, "missing_lines": [134, 135, 136, 139, 140, 146, 147, 148, 149], "excluded_lines": []}, "JiraService.create_issue": {"executed_lines": [], "summary": {"covered_lines": 0, "num_statements": 9, "percent_covered": 0.0, "percent_covered_display": "0", "missing_lines": 9, "excluded_lines": 0, "percent_statements_covered": 0.0, "percent_statements_covered_display": "0"}, "missing_lines": [157, 158, 159, 162, 163, 164, 165, 166, 167], "excluded_lines": []}, "JiraService.update_issue": {"executed_lines": [], "summary": {"covered_lines": 0, "num_statements": 8, "percent_covered": 0.0, "percent_covered_display": "0", "missing_lines": 8, "excluded_lines": 0, "percent_statements_covered": 0.0, "percent_statements_covered_display": "0"}, "missing_lines": [174, 175, 176, 179, 180, 181, 182, 183], "excluded_lines": []}, "": {"executed_lines": [1, 3, 5, 6, 8, 9, 11, 12, 13, 15, 18, 19, 21, 34, 59, 66, 79, 96, 109, 129, 151, 169], "summary": {"covered_lines": 20, "num_statements": 21, "percent_covered": 95.23809523809524, "percent_covered_display": "95", "missing_lines": 1, "excluded_lines": 0, "percent_statements_covered": 95.23809523809524, "percent_statements_covered_display": "95"}, "missing_lines": [7], "excluded_lines": []}}, "classes": {"JiraService": {"executed_lines": [], "summary": {"covered_lines": 0, "num_statements": 86, "percent_covered": 0.0, "percent_covered_display": "0", "missing_lines": 86, "excluded_lines": 0, "percent_statements_covered": 0.0, "percent_statements_covered_display": "0"}, "missing_lines": [22, 24, 25, 26, 30, 31, 32, 36, 37, 38, 41, 42, 43, 45, 48, 50, 52, 53, 54, 55, 56, 57, 64, 68, 69, 70, 71, 72, 73, 74, 75, 76, 77, 81, 82, 83, 87, 88, 89, 91, 92, 93, 94, 98, 99, 100, 103, 104, 105, 106, 107, 114, 115, 116, 119, 120, 124, 125, 126, 127, 134, 135, 136, 139, 140, 146, 147, 148, 149, 157, 158, 159, 162, 163, 164, 165, 166, 167, 174, 175, 176, 179, 180, 181, 182, 183], "excluded_lines": []}, "": {"executed_lines": [1, 3, 5, 6, 8, 9, 11, 12, 13, 15, 18, 19, 21, 34, 59, 66, 79, 96, 109, 129, 151, 169], "summary": {"covered_lines": 20, "num_statements": 21, "percent_covered": 95.23809523809524, "percent_covered_display": "95", "missing_lines": 1, "excluded_lines": 0, "percent_statements_covered": 95.23809523809524, "percent_statements_covered_display": "95"}, "missing_lines": [7], "excluded_lines": []}}}, "src\\mcp\\services\\terminal.py": {"executed_lines": [1, 3, 5, 6, 7, 9, 12, 13, 15, 20, 26, 32, 37, 42, 47], "summary": {"covered_lines": 13, "num_statements": 30, "percent_covered": 43.333333333333336, "percent_covered_display": "43", "missing_lines": 17, "excluded_lines": 0, "percent_statements_covered": 43.333333333333336, "percent_statements_covered_display": "43"}, "missing_lines": [16, 17, 18, 22, 23, 24, 28, 29, 30, 34, 35, 39, 40, 44, 45, 49, 50], "excluded_lines": [], "functions": {"TerminalService.__init__": {"executed_lines": [], "summary": {"covered_lines": 0, "num_statements": 3, "percent_covered": 0.0, "percent_covered_display": "0", "missing_lines": 3, "excluded_lines": 0, "percent_statements_covered": 0.0, "percent_statements_covered_display": "0"}, "missing_lines": [16, 17, 18], "excluded_lines": []}, "TerminalService.connect": {"executed_lines": [], "summary": {"covered_lines": 0, "num_statements": 3, "percent_covered": 0.0, "percent_covered_display": "0", "missing_lines": 3, "excluded_lines": 0, "percent_statements_covered": 0.0, "percent_statements_covered_display": "0"}, "missing_lines": [22, 23, 24], "excluded_lines": []}, "TerminalService.disconnect": {"executed_lines": [], "summary": {"covered_lines": 0, "num_statements": 3, "percent_covered": 0.0, "percent_covered_display": "0", "missing_lines": 3, "excluded_lines": 0, "percent_statements_covered": 0.0, "percent_statements_covered_display": "0"}, "missing_lines": [28, 29, 30], "excluded_lines": []}, "TerminalService.authenticate": {"executed_lines": [], "summary": {"covered_lines": 0, "num_statements": 2, "percent_covered": 0.0, "percent_covered_display": "0", "missing_lines": 2, "excluded_lines": 0, "percent_statements_covered": 0.0, "percent_statements_covered_display": "0"}, "missing_lines": [34, 35], "excluded_lines": []}, "TerminalService.health_check": {"executed_lines": [], "summary": {"covered_lines": 0, "num_statements": 2, "percent_covered": 0.0, "percent_covered_display": "0", "missing_lines": 2, "excluded_lines": 0, "percent_statements_covered": 0.0, "percent_statements_covered_display": "0"}, "missing_lines": [39, 40], "excluded_lines": []}, "TerminalService.execute_command": {"executed_lines": [], "summary": {"covered_lines": 0, "num_statements": 2, "percent_covered": 0.0, "percent_covered_display": "0", "missing_lines": 2, "excluded_lines": 0, "percent_statements_covered": 0.0, "percent_statements_covered_display": "0"}, "missing_lines": [44, 45], "excluded_lines": []}, "TerminalService.start_interactive_session": {"executed_lines": [], "summary": {"covered_lines": 0, "num_statements": 2, "percent_covered": 0.0, "percent_covered_display": "0", "missing_lines": 2, "excluded_lines": 0, "percent_statements_covered": 0.0, "percent_statements_covered_display": "0"}, "missing_lines": [49, 50], "excluded_lines": []}, "": {"executed_lines": [1, 3, 5, 6, 7, 9, 12, 13, 15, 20, 26, 32, 37, 42, 47], "summary": {"covered_lines": 13, "num_statements": 13, "percent_covered": 100.0, "percent_covered_display": "100", "missing_lines": 0, "excluded_lines": 0, "percent_statements_covered": 100.0, "percent_statements_covered_display": "100"}, "missing_lines": [], "excluded_lines": []}}, "classes": {"TerminalService": {"executed_lines": [], "summary": {"covered_lines": 0, "num_statements": 17, "percent_covered": 0.0, "percent_covered_display": "0", "missing_lines": 17, "excluded_lines": 0, "percent_statements_covered": 0.0, "percent_statements_covered_display": "0"}, "missing_lines": [16, 17, 18, 22, 23, 24, 28, 29, 30, 34, 35, 39, 40, 44, 45, 49, 50], "excluded_lines": []}, "": {"executed_lines": [1, 3, 5, 6, 7, 9, 12, 13, 15, 20, 26, 32, 37, 42, 47], "summary": {"covered_lines": 13, "num_statements": 13, "percent_covered": 100.0, "percent_covered_display": "100", "missing_lines": 0, "excluded_lines": 0, "percent_statements_covered": 100.0, "percent_statements_covered_display": "100"}, "missing_lines": [], "excluded_lines": []}}}, "src\\utils\\__init__.py": {"executed_lines": [1], "summary": {"covered_lines": 0, "num_statements": 0, "percent_covered": 100.0, "percent_covered_display": "100", "missing_lines": 0, "excluded_lines": 0, "percent_statements_covered": 100.0, "percent_statements_covered_display": "100"}, "missing_lines": [], "excluded_lines": [], "functions": {"": {"executed_lines": [1], "summary": {"covered_lines": 0, "num_statements": 0, "percent_covered": 100.0, "percent_covered_display": "100", "missing_lines": 0, "excluded_lines": 0, "percent_statements_covered": 100.0, "percent_statements_covered_display": "100"}, "missing_lines": [], "excluded_lines": []}}, "classes": {"": {"executed_lines": [1], "summary": {"covered_lines": 0, "num_statements": 0, "percent_covered": 100.0, "percent_covered_display": "100", "missing_lines": 0, "excluded_lines": 0, "percent_statements_covered": 100.0, "percent_statements_covered_display": "100"}, "missing_lines": [], "excluded_lines": []}}}, "src\\utils\\config.py": {"executed_lines": [1, 3, 4, 5, 6, 9, 10, 11, 14, 15, 16, 17, 18, 21, 22, 23, 24, 27, 28, 31, 32, 33, 34, 35, 38, 39, 40, 42, 46, 47, 52, 53, 54, 57, 58, 59, 62, 63, 64, 67, 68, 69, 72, 73, 74, 77, 78, 81, 83, 84, 86, 94, 96, 102, 106, 111, 112, 113, 116, 117, 118, 119, 122, 123, 124, 127, 128, 131, 132, 135, 136, 137, 140, 141, 142, 144, 145, 147, 148, 149, 150, 151, 152, 154, 155, 157, 159, 160, 161, 163, 165, 166, 167, 170, 171, 173, 179, 180, 182, 209, 215, 217, 232, 234, 257, 273], "summary": {"covered_lines": 101, "num_statements": 156, "percent_covered": 64.74358974358974, "percent_covered_display": "65", "missing_lines": 55, "excluded_lines": 0, "percent_statements_covered": 64.74358974358974, "percent_statements_covered_display": "65"}, "missing_lines": [44, 49, 87, 88, 89, 90, 91, 93, 98, 99, 100, 104, 108, 190, 191, 192, 195, 201, 202, 203, 204, 206, 207, 218, 219, 220, 221, 222, 223, 228, 230, 243, 244, 245, 247, 248, 250, 251, 252, 253, 254, 255, 263, 264, 265, 267, 268, 269, 270, 271, 275, 276, 277, 278, 279], "excluded_lines": [], "functions": {"KeyboardShortcuts.to_dict": {"executed_lines": [], "summary": {"covered_lines": 0, "num_statements": 1, "percent_covered": 0.0, "percent_covered_display": "0", "missing_lines": 1, "excluded_lines": 0, "percent_statements_covered": 0.0, "percent_statements_covered_display": "0"}, "missing_lines": [44], "excluded_lines": []}, "KeyboardShortcuts.from_dict": {"executed_lines": [], "summary": {"covered_lines": 0, "num_statements": 1, "percent_covered": 0.0, "percent_covered_display": "0", "missing_lines": 1, "excluded_lines": 0, "percent_statements_covered": 0.0, "percent_statements_covered_display": "0"}, "missing_lines": [49], "excluded_lines": []}, "AppSettings.load": {"executed_lines": [86, 94], "summary": {"covered_lines": 2, "num_statements": 8, "percent_covered": 25.0, "percent_covered_display": "25", "missing_lines": 6, "excluded_lines": 0, "percent_statements_covered": 25.0, "percent_statements_covered_display": "25"}, "missing_lines": [87, 88, 89, 90, 91, 93], "excluded_lines": []}, "AppSettings.save": {"executed_lines": [], "summary": {"covered_lines": 0, "num_statements": 3, "percent_covered": 0.0, "percent_covered_display": "0", "missing_lines": 3, "excluded_lines": 0, "percent_statements_covered": 0.0, "percent_statements_covered_display": "0"}, "missing_lines": [98, 99, 100], "excluded_lines": []}, "AppSettings.get_shortcuts": {"executed_lines": [], "summary": {"covered_lines": 0, "num_statements": 1, "percent_covered": 0.0, "percent_covered_display": "0", "missing_lines": 1, "excluded_lines": 0, "percent_statements_covered": 0.0, "percent_statements_covered_display": "0"}, "missing_lines": [104], "excluded_lines": []}, "AppSettings.update_shortcuts": {"executed_lines": [], "summary": {"covered_lines": 0, "num_statements": 1, "percent_covered": 0.0, "percent_covered_display": "0", "missing_lines": 1, "excluded_lines": 0, "percent_statements_covered": 0.0, "percent_statements_covered_display": "0"}, "missing_lines": [108], "excluded_lines": []}, "ProjectSettings.load": {"executed_lines": [147, 148, 149, 150, 151, 152, 154, 155], "summary": {"covered_lines": 8, "num_statements": 8, "percent_covered": 100.0, "percent_covered_display": "100", "missing_lines": 0, "excluded_lines": 0, "percent_statements_covered": 100.0, "percent_statements_covered_display": "100"}, "missing_lines": [], "excluded_lines": []}, "ProjectSettings.save": {"executed_lines": [159, 160, 161], "summary": {"covered_lines": 3, "num_statements": 3, "percent_covered": 100.0, "percent_covered_display": "100", "missing_lines": 0, "excluded_lines": 0, "percent_statements_covered": 100.0, "percent_statements_covered_display": "100"}, "missing_lines": [], "excluded_lines": []}, "ProjectSettings.reset_to_defaults": {"executed_lines": [165, 166, 167], "summary": {"covered_lines": 3, "num_statements": 3, "percent_covered": 100.0, "percent_covered_display": "100", "missing_lines": 0, "excluded_lines": 0, "percent_statements_covered": 100.0, "percent_statements_covered_display": "100"}, "missing_lines": [], "excluded_lines": []}, "CrashRecovery.__init__": {"executed_lines": [179, 180], "summary": {"covered_lines": 2, "num_statements": 2, "percent_covered": 100.0, "percent_covered_display": "100", "missing_lines": 0, "excluded_lines": 0, "percent_statements_covered": 100.0, "percent_statements_covered_display": "100"}, "missing_lines": [], "excluded_lines": []}, "CrashRecovery.save_unsaved_document": {"executed_lines": [], "summary": {"covered_lines": 0, "num_statements": 10, "percent_covered": 0.0, "percent_covered_display": "0", "missing_lines": 10, "excluded_lines": 0, "percent_statements_covered": 0.0, "percent_statements_covered_display": "0"}, "missing_lines": [190, 191, 192, 195, 201, 202, 203, 204, 206, 207], "excluded_lines": []}, "CrashRecovery.get_recoverable_documents": {"executed_lines": [215, 217, 232], "summary": {"covered_lines": 3, "num_statements": 11, "percent_covered": 27.272727272727273, "percent_covered_display": "27", "missing_lines": 8, "excluded_lines": 0, "percent_statements_covered": 27.272727272727273, "percent_statements_covered_display": "27"}, "missing_lines": [218, 219, 220, 221, 222, 223, 228, 230], "excluded_lines": []}, "CrashRecovery.recover_document": {"executed_lines": [], "summary": {"covered_lines": 0, "num_statements": 11, "percent_covered": 0.0, "percent_covered_display": "0", "missing_lines": 11, "excluded_lines": 0, "percent_statements_covered": 0.0, "percent_statements_covered_display": "0"}, "missing_lines": [243, 244, 245, 247, 248, 250, 251, 252, 253, 254, 255], "excluded_lines": []}, "CrashRecovery.clear_recovery": {"executed_lines": [], "summary": {"covered_lines": 0, "num_statements": 8, "percent_covered": 0.0, "percent_covered_display": "0", "missing_lines": 8, "excluded_lines": 0, "percent_statements_covered": 0.0, "percent_statements_covered_display": "0"}, "missing_lines": [263, 264, 265, 267, 268, 269, 270, 271], "excluded_lines": []}, "CrashRecovery.clear_all": {"executed_lines": [], "summary": {"covered_lines": 0, "num_statements": 5, "percent_covered": 0.0, "percent_covered_display": "0", "missing_lines": 5, "excluded_lines": 0, "percent_statements_covered": 0.0, "percent_statements_covered_display": "0"}, "missing_lines": [275, 276, 277, 278, 279], "excluded_lines": []}, "": {"executed_lines": [1, 3, 4, 5, 6, 9, 10, 11, 14, 15, 16, 17, 18, 21, 22, 23, 24, 27, 28, 31, 32, 33, 34, 35, 38, 39, 40, 42, 46, 47, 52, 53, 54, 57, 58, 59, 62, 63, 64, 67, 68, 69, 72, 73, 74, 77, 78, 81, 83, 84, 96, 102, 106, 111, 112, 113, 116, 117, 118, 119, 122, 123, 124, 127, 128, 131, 132, 135, 136, 137, 140, 141, 142, 144, 145, 157, 163, 170, 171, 173, 182, 209, 234, 257, 273], "summary": {"covered_lines": 80, "num_statements": 80, "percent_covered": 100.0, "percent_covered_display": "100", "missing_lines": 0, "excluded_lines": 0, "percent_statements_covered": 100.0, "percent_statements_covered_display": "100"}, "missing_lines": [], "excluded_lines": []}}, "classes": {"KeyboardShortcuts": {"executed_lines": [], "summary": {"covered_lines": 0, "num_statements": 2, "percent_covered": 0.0, "percent_covered_display": "0", "missing_lines": 2, "excluded_lines": 0, "percent_statements_covered": 0.0, "percent_statements_covered_display": "0"}, "missing_lines": [44, 49], "excluded_lines": []}, "AppSettings": {"executed_lines": [86, 94], "summary": {"covered_lines": 2, "num_statements": 13, "percent_covered": 15.384615384615385, "percent_covered_display": "15", "missing_lines": 11, "excluded_lines": 0, "percent_statements_covered": 15.384615384615385, "percent_statements_covered_display": "15"}, "missing_lines": [87, 88, 89, 90, 91, 93, 98, 99, 100, 104, 108], "excluded_lines": []}, "ProjectSettings": {"executed_lines": [147, 148, 149, 150, 151, 152, 154, 155, 159, 160, 161, 165, 166, 167], "summary": {"covered_lines": 14, "num_statements": 14, "percent_covered": 100.0, "percent_covered_display": "100", "missing_lines": 0, "excluded_lines": 0, "percent_statements_covered": 100.0, "percent_statements_covered_display": "100"}, "missing_lines": [], "excluded_lines": []}, "CrashRecovery": {"executed_lines": [179, 180, 215, 217, 232], "summary": {"covered_lines": 5, "num_statements": 47, "percent_covered": 10.638297872340425, "percent_covered_display": "11", "missing_lines": 42, "excluded_lines": 0, "percent_statements_covered": 10.638297872340425, "percent_statements_covered_display": "11"}, "missing_lines": [190, 191, 192, 195, 201, 202, 203, 204, 206, 207, 218, 219, 220, 221, 222, 223, 228, 230, 243, 244, 245, 247, 248, 250, 251, 252, 253, 254, 255, 263, 264, 265, 267, 268, 269, 270, 271, 275, 276, 277, 278, 279], "excluded_lines": []}, "": {"executed_lines": [1, 3, 4, 5, 6, 9, 10, 11, 14, 15, 16, 17, 18, 21, 22, 23, 24, 27, 28, 31, 32, 33, 34, 35, 38, 39, 40, 42, 46, 47, 52, 53, 54, 57, 58, 59, 62, 63, 64, 67, 68, 69, 72, 73, 74, 77, 78, 81, 83, 84, 96, 102, 106, 111, 112, 113, 116, 117, 118, 119, 122, 123, 124, 127, 128, 131, 132, 135, 136, 137, 140, 141, 142, 144, 145, 157, 163, 170, 171, 173, 182, 209, 234, 257, 273], "summary": {"covered_lines": 80, "num_statements": 80, "percent_covered": 100.0, "percent_covered_display": "100", "missing_lines": 0, "excluded_lines": 0, "percent_statements_covered": 100.0, "percent_statements_covered_display": "100"}, "missing_lines": [], "excluded_lines": []}}}, "src\\utils\\logging.py": {"executed_lines": [1, 3, 4, 5, 6, 9, 17, 19, 20, 21, 23, 30, 32], "summary": {"covered_lines": 12, "num_statements": 12, "percent_covered": 100.0, "percent_covered_display": "100", "missing_lines": 0, "excluded_lines": 0, "percent_statements_covered": 100.0, "percent_statements_covered_display": "100"}, "missing_lines": [], "excluded_lines": [], "functions": {"setup_logging": {"executed_lines": [17, 19, 20, 21, 23], "summary": {"covered_lines": 5, "num_statements": 5, "percent_covered": 100.0, "percent_covered_display": "100", "missing_lines": 0, "excluded_lines": 0, "percent_statements_covered": 100.0, "percent_statements_covered_display": "100"}, "missing_lines": [], "excluded_lines": []}, "get_logger": {"executed_lines": [32], "summary": {"covered_lines": 1, "num_statements": 1, "percent_covered": 100.0, "percent_covered_display": "100", "missing_lines": 0, "excluded_lines": 0, "percent_statements_covered": 100.0, "percent_statements_covered_display": "100"}, "missing_lines": [], "excluded_lines": []}, "": {"executed_lines": [1, 3, 4, 5, 6, 9, 30], "summary": {"covered_lines": 6, "num_statements": 6, "percent_covered": 100.0, "percent_covered_display": "100", "missing_lines": 0, "excluded_lines": 0, "percent_statements_covered": 100.0, "percent_statements_covered_display": "100"}, "missing_lines": [], "excluded_lines": []}}, "classes": {"": {"executed_lines": [1, 3, 4, 5, 6, 9, 17, 19, 20, 21, 23, 30, 32], "summary": {"covered_lines": 12, "num_statements": 12, "percent_covered": 100.0, "percent_covered_display": "100", "missing_lines": 0, "excluded_lines": 0, "percent_statements_covered": 100.0, "percent_statements_covered_display": "100"}, "missing_lines": [], "excluded_lines": []}}}}, "totals": {"covered_lines": 1082, "num_statements": 2148, "percent_covered": 50.37243947858473, "percent_covered_display": "50", "missing_lines": 1066, "excluded_lines": 28, "percent_statements_covered": 50.37243947858473, "percent_statements_covered_display": "50"}}